2024-09-22 23:40:16.209 [info] Log level: Info
2024-09-22 23:40:16.209 [info] Validating found git in: "git"
2024-09-22 23:40:16.209 [info] Using git "2.34.1" from "git"
2024-09-22 23:40:16.209 [info] > git rev-parse --show-toplevel [58ms]
2024-09-22 23:40:16.209 [info] > git rev-parse --path-format=relative --show-toplevel [12ms]
2024-09-22 23:40:16.215 [info] > git rev-parse --git-dir --git-common-dir [9ms]
2024-09-22 23:40:16.236 [info] Open repository: /mnt/c/users/lenovo/OneDrive/Desktop/TERRAFORM/terraform-london-project
2024-09-22 23:40:16.404 [info] > git config --get commit.template [121ms]
2024-09-22 23:40:16.468 [info] > git for-each-ref --format=%(refname)%00%(upstream:short)%00%(objectname)%00%(upstream:track)%00%(upstream:remotename)%00%(upstream:remoteref) refs/heads/master refs/remotes/master [28ms]
2024-09-22 23:40:16.550 [info] > git status -z -uall [47ms]
2024-09-22 23:40:16.817 [info] > git config --get commit.template [218ms]
2024-09-22 23:40:16.872 [info] > git for-each-ref --format=%(refname)%00%(upstream:short)%00%(objectname)%00%(upstream:track)%00%(upstream:remotename)%00%(upstream:remoteref) refs/heads/master refs/remotes/master [227ms]
2024-09-22 23:40:16.913 [info] > git check-ignore -v -z --stdin [48ms]
2024-09-22 23:40:16.928 [info] > git status -z -uall [21ms]
2024-09-22 23:40:21.237 [info] > git show --textconv :vpc.tf [62ms]
2024-09-22 23:40:21.245 [info] > git ls-files --stage -- /mnt/c/users/lenovo/OneDrive/Desktop/TERRAFORM/terraform-london-project/vpc.tf [15ms]
2024-09-22 23:40:21.320 [info] > git cat-file -s 98a6d77448677d38ebc6d676f6732773cc88ef6c [19ms]
2024-09-22 23:40:58.175 [info] > git show --textconv :README.md [65ms]
2024-09-22 23:40:58.197 [info] > git ls-files --stage -- /mnt/c/users/lenovo/OneDrive/Desktop/TERRAFORM/terraform-london-project/README.md [28ms]
2024-09-22 23:40:58.316 [info] > git cat-file -s 08bbaa02274c74059b349379ddf6c36946152612 [68ms]
2024-09-22 23:40:59.738 [info] > git show --textconv :terraform.tfstate [46ms]
2024-09-22 23:40:59.792 [info] > git ls-files --stage -- /mnt/c/users/lenovo/OneDrive/Desktop/TERRAFORM/terraform-london-project/terraform.tfstate [59ms]
2024-09-22 23:41:00.482 [info] > git show --textconv :README.md [38ms]
2024-09-22 23:41:00.487 [info] > git ls-files --stage -- /mnt/c/users/lenovo/OneDrive/Desktop/TERRAFORM/terraform-london-project/README.md [10ms]
2024-09-22 23:41:00.530 [info] > git cat-file -s 08bbaa02274c74059b349379ddf6c36946152612 [10ms]
2024-09-22 23:41:00.730 [info] > git config --get commit.template [44ms]
2024-09-22 23:41:00.739 [info] > git for-each-ref --format=%(refname)%00%(upstream:short)%00%(objectname)%00%(upstream:track)%00%(upstream:remotename)%00%(upstream:remoteref) refs/heads/master refs/remotes/master [12ms]
2024-09-22 23:41:00.794 [info] > git status -z -uall [18ms]
2024-09-23 00:07:17.383 [info] > git config --get commit.template [61ms]
2024-09-23 00:07:17.389 [info] > git for-each-ref --format=%(refname)%00%(upstream:short)%00%(objectname)%00%(upstream:track)%00%(upstream:remotename)%00%(upstream:remoteref) refs/heads/master refs/remotes/master [13ms]
2024-09-23 00:07:17.461 [info] > git status -z -uall [29ms]
2024-09-23 00:07:18.620 [info] > git ls-files --stage -- /mnt/c/users/lenovo/OneDrive/Desktop/TERRAFORM/terraform-london-project/README.md [18ms]
2024-09-23 00:07:18.672 [info] > git cat-file -s 08bbaa02274c74059b349379ddf6c36946152612 [10ms]
2024-09-23 00:07:18.745 [info] > git show --textconv :README.md [19ms]
2024-09-23 00:31:15.549 [info] > git config --get commit.template [47ms]
2024-09-23 00:31:15.595 [info] > git ls-files --stage -- /mnt/c/users/lenovo/OneDrive/Desktop/TERRAFORM/terraform-london-project/README.md [51ms]
2024-09-23 00:31:15.639 [info] > git for-each-ref --format=%(refname)%00%(upstream:short)%00%(objectname)%00%(upstream:track)%00%(upstream:remotename)%00%(upstream:remoteref) refs/heads/master refs/remotes/master [47ms]
2024-09-23 00:31:15.689 [info] > git cat-file -s 08bbaa02274c74059b349379ddf6c36946152612 [53ms]
2024-09-23 00:31:15.797 [info] > git status -z -uall [111ms]
2024-09-23 00:31:15.811 [info] > git show --textconv :README.md [17ms]
2024-09-23 00:31:16.964 [info] > git ls-files --stage -- /mnt/c/users/lenovo/OneDrive/Desktop/TERRAFORM/terraform-london-project/README.md [7ms]
2024-09-23 00:31:17.016 [info] > git cat-file -s 08bbaa02274c74059b349379ddf6c36946152612 [11ms]
2024-09-23 00:31:17.085 [info] > git show --textconv :README.md [15ms]
2024-09-23 00:31:20.784 [info] > git show --textconv :provider.tf [46ms]
2024-09-23 00:31:20.789 [info] > git ls-files --stage -- /mnt/c/users/lenovo/OneDrive/Desktop/TERRAFORM/terraform-london-project/provider.tf [10ms]
2024-09-23 00:31:20.874 [info] > git cat-file -s bbfb5c42bebd65fafd526437ba5c3fbcba6472d4 [46ms]
2024-09-23 00:31:20.917 [info] > git config --get commit.template [45ms]
2024-09-23 00:31:20.924 [info] > git for-each-ref --format=%(refname)%00%(upstream:short)%00%(objectname)%00%(upstream:track)%00%(upstream:remotename)%00%(upstream:remoteref) refs/heads/master refs/remotes/master [10ms]
2024-09-23 00:31:20.982 [info] > git status -z -uall [18ms]
2024-09-23 00:32:08.550 [info] > git show --textconv :README.md [37ms]
2024-09-23 00:32:08.557 [info] > git ls-files --stage -- /mnt/c/users/lenovo/OneDrive/Desktop/TERRAFORM/terraform-london-project/README.md [11ms]
2024-09-23 00:32:08.606 [info] > git cat-file -s 08bbaa02274c74059b349379ddf6c36946152612 [11ms]
2024-09-23 00:32:09.657 [info] > git config --get commit.template [12ms]
2024-09-23 00:32:09.701 [info] > git for-each-ref --format=%(refname)%00%(upstream:short)%00%(objectname)%00%(upstream:track)%00%(upstream:remotename)%00%(upstream:remoteref) refs/heads/master refs/remotes/master [8ms]
2024-09-23 00:32:09.747 [info] > git status -z -uall [13ms]
2024-09-23 00:32:35.585 [info] > git show --textconv :vpc.tf [51ms]
2024-09-23 00:32:35.594 [info] > git ls-files --stage -- /mnt/c/users/lenovo/OneDrive/Desktop/TERRAFORM/terraform-london-project/vpc.tf [15ms]
2024-09-23 00:32:35.656 [info] > git cat-file -s 98a6d77448677d38ebc6d676f6732773cc88ef6c [13ms]
2024-09-23 00:35:01.451 [info] > git config --get commit.template [52ms]
2024-09-23 00:35:01.491 [info] > git ls-files --stage -- /mnt/c/users/lenovo/OneDrive/Desktop/TERRAFORM/terraform-london-project/vpc.tf [47ms]
2024-09-23 00:35:01.537 [info] > git for-each-ref --format=%(refname)%00%(upstream:short)%00%(objectname)%00%(upstream:track)%00%(upstream:remotename)%00%(upstream:remoteref) refs/heads/master refs/remotes/master [48ms]
2024-09-23 00:35:01.572 [info] > git cat-file -s 98a6d77448677d38ebc6d676f6732773cc88ef6c [36ms]
2024-09-23 00:35:01.617 [info] > git status -z -uall [47ms]
2024-09-23 00:35:01.628 [info] > git show --textconv :vpc.tf [12ms]
2024-09-23 00:35:02.634 [info] > git ls-files --stage -- /mnt/c/users/lenovo/OneDrive/Desktop/TERRAFORM/terraform-london-project/vpc.tf [9ms]
2024-09-23 00:35:02.672 [info] > git cat-file -s 98a6d77448677d38ebc6d676f6732773cc88ef6c [8ms]
2024-09-23 00:35:02.722 [info] > git show --textconv :vpc.tf [10ms]
2024-09-23 00:35:06.727 [info] > git config --get commit.template [36ms]
2024-09-23 00:35:06.761 [info] > git for-each-ref --format=%(refname)%00%(upstream:short)%00%(objectname)%00%(upstream:track)%00%(upstream:remotename)%00%(upstream:remoteref) refs/heads/master refs/remotes/master [36ms]
2024-09-23 00:35:06.811 [info] > git status -z -uall [13ms]
