2024-09-22 23:40:14.813 [info] Extension host with pid 5650 started
2024-09-22 23:40:15.018 [info] ExtensionService#_doActivateExtension vscode.git-base, startup: true, activationEvent: '*', root cause: vscode.git
2024-09-22 23:40:15.117 [info] Lock '/home/mezikko/.vscode-server/data/User/workspaceStorage/8314065343f50c080f96b8beb5e945b9/vscode.lock': Lock acquired.
2024-09-22 23:40:15.218 [info] ExtensionService#_doActivateExtension vscode.git, startup: true, activationEvent: '*'
2024-09-22 23:40:15.221 [info] ExtensionService#_doActivateExtension vscode.github, startup: true, activationEvent: '*'
2024-09-22 23:40:15.967 [info] Eager extensions activated
2024-09-22 23:40:15.968 [info] ExtensionService#_doActivateExtension vscode.debug-auto-launch, startup: false, activationEvent: 'onStartupFinished'
2024-09-22 23:40:15.969 [info] ExtensionService#_doActivateExtension vscode.merge-conflict, startup: false, activationEvent: 'onStartupFinished'
2024-09-22 23:40:16.293 [info] ExtensionService#_doActivateExtension vscode.emmet, startup: false, activationEvent: 'onLanguage'
2024-09-22 23:40:57.198 [info] ExtensionService#_doActivateExtension vscode.extension-editing, startup: false, activationEvent: 'onLanguage:markdown'
2024-09-22 23:40:57.199 [info] ExtensionService#_doActivateExtension vscode.markdown-language-features, startup: false, activationEvent: 'onLanguage:markdown'
2024-09-22 23:40:58.759 [info] ExtensionService#_doActivateExtension vscode.markdown-math, startup: false, activationEvent: 'api', root cause: vscode.markdown-language-features
2024-09-22 23:40:59.214 [info] ExtensionService#_doActivateExtension vscode.json-language-features, startup: false, activationEvent: 'onLanguage:json'
2024-09-22 23:40:59.215 [info] ExtensionService#_doActivateExtension vscode.npm, startup: false, activationEvent: 'onLanguage:json'
2024-09-23 00:41:45.337 [info] Extension host terminating: received terminate message from renderer
2024-09-23 00:41:45.341 [info] Lock '/home/mezikko/.vscode-server/data/User/workspaceStorage/8314065343f50c080f96b8beb5e945b9/vscode.lock': Marking the lockfile as scheduled to be released in 6000 ms.
2024-09-23 00:41:45.565 [error] Canceled: Canceled
	at new A (/home/mezikko/.vscode-server/bin/89de5a8d4d6205e5b11647eb6a74844ca23d2573/out/vs/workbench/api/node/extensionHostProcess.js:145:50615)
	at E.U (/home/mezikko/.vscode-server/bin/89de5a8d4d6205e5b11647eb6a74844ca23d2573/out/vs/workbench/api/node/extensionHostProcess.js:152:6007)
	at z.<computed>.M.charCodeAt.R.CharCode.DollarSign.z.<computed> (/home/mezikko/.vscode-server/bin/89de5a8d4d6205e5b11647eb6a74844ca23d2573/out/vs/workbench/api/node/extensionHostProcess.js:152:3091)
	at h.g (/home/mezikko/.vscode-server/bin/89de5a8d4d6205e5b11647eb6a74844ca23d2573/out/vs/workbench/api/node/extensionHostProcess.js:155:199935)
	at h.executeCommand (/home/mezikko/.vscode-server/bin/89de5a8d4d6205e5b11647eb6a74844ca23d2573/out/vs/workbench/api/node/extensionHostProcess.js:155:199373)
	at I.registerCommand.description (/home/mezikko/.vscode-server/bin/89de5a8d4d6205e5b11647eb6a74844ca23d2573/out/vs/workbench/api/node/extensionHostProcess.js:155:198697)
	at h (/home/mezikko/.vscode-server/bin/89de5a8d4d6205e5b11647eb6a74844ca23d2573/out/vs/workbench/api/node/extensionHostProcess.js:155:200474)
	at h.g (/home/mezikko/.vscode-server/bin/89de5a8d4d6205e5b11647eb6a74844ca23d2573/out/vs/workbench/api/node/extensionHostProcess.js:155:199466)
	at h.executeCommand (/home/mezikko/.vscode-server/bin/89de5a8d4d6205e5b11647eb6a74844ca23d2573/out/vs/workbench/api/node/extensionHostProcess.js:155:199373)
	at Object.executeCommand (/home/mezikko/.vscode-server/bin/89de5a8d4d6205e5b11647eb6a74844ca23d2573/out/vs/workbench/api/node/extensionHostProcess.js:165:22742)
	at n.O [as value] (/home/mezikko/.vscode-server/bin/89de5a8d4d6205e5b11647eb6a74844ca23d2573/extensions/git/dist/main.js:2:945191)
	at l.y (/home/mezikko/.vscode-server/bin/89de5a8d4d6205e5b11647eb6a74844ca23d2573/out/vs/workbench/api/node/extensionHostProcess.js:82:664)
	at l.z (/home/mezikko/.vscode-server/bin/89de5a8d4d6205e5b11647eb6a74844ca23d2573/out/vs/workbench/api/node/extensionHostProcess.js:82:734)
	at l.fire (/home/mezikko/.vscode-server/bin/89de5a8d4d6205e5b11647eb6a74844ca23d2573/out/vs/workbench/api/node/extensionHostProcess.js:82:950)
	at Object.p [as dispose] (/home/mezikko/.vscode-server/bin/89de5a8d4d6205e5b11647eb6a74844ca23d2573/extensions/git/dist/main.js:2:964275)
	at /home/mezikko/.vscode-server/bin/89de5a8d4d6205e5b11647eb6a74844ca23d2573/extensions/git/dist/main.js:2:970313
	at Array.forEach (<anonymous>)
	at f.dispose (/home/mezikko/.vscode-server/bin/89de5a8d4d6205e5b11647eb6a74844ca23d2573/extensions/git/dist/main.js:2:970299)
	at a.<anonymous> (/home/mezikko/.vscode-server/bin/89de5a8d4d6205e5b11647eb6a74844ca23d2573/out/vs/workbench/api/node/extensionHostProcess.js:153:4032)
	at a.dispose (/home/mezikko/.vscode-server/bin/89de5a8d4d6205e5b11647eb6a74844ca23d2573/out/vs/workbench/api/node/extensionHostProcess.js:153:4129)
	at a.<anonymous> (/home/mezikko/.vscode-server/bin/89de5a8d4d6205e5b11647eb6a74844ca23d2573/extensions/git/dist/main.js:2:947448)
	at a.dispose (/home/mezikko/.vscode-server/bin/89de5a8d4d6205e5b11647eb6a74844ca23d2573/out/vs/workbench/api/node/extensionHostProcess.js:153:4129)
	at f (/home/mezikko/.vscode-server/bin/89de5a8d4d6205e5b11647eb6a74844ca23d2573/out/vs/workbench/api/node/extensionHostProcess.js:30:744)
	at u.eb (/home/mezikko/.vscode-server/bin/89de5a8d4d6205e5b11647eb6a74844ca23d2573/out/vs/workbench/api/node/extensionHostProcess.js:161:9991)
	at /home/mezikko/.vscode-server/bin/89de5a8d4d6205e5b11647eb6a74844ca23d2573/out/vs/workbench/api/node/extensionHostProcess.js:161:7867
	at Array.map (<anonymous>)
	at u.$ (/home/mezikko/.vscode-server/bin/89de5a8d4d6205e5b11647eb6a74844ca23d2573/out/vs/workbench/api/node/extensionHostProcess.js:161:7854)
	at u.terminate (/home/mezikko/.vscode-server/bin/89de5a8d4d6205e5b11647eb6a74844ca23d2573/out/vs/workbench/api/node/extensionHostProcess.js:161:8127)
	at f.terminate (/home/mezikko/.vscode-server/bin/89de5a8d4d6205e5b11647eb6a74844ca23d2573/out/vs/workbench/api/node/extensionHostProcess.js:165:1513)
	at t (/home/mezikko/.vscode-server/bin/89de5a8d4d6205e5b11647eb6a74844ca23d2573/out/vs/workbench/api/node/extensionHostProcess.js:178:10459)
	at n.value (/home/mezikko/.vscode-server/bin/89de5a8d4d6205e5b11647eb6a74844ca23d2573/out/vs/workbench/api/node/extensionHostProcess.js:178:8427)
	at l.y (/home/mezikko/.vscode-server/bin/89de5a8d4d6205e5b11647eb6a74844ca23d2573/out/vs/workbench/api/node/extensionHostProcess.js:82:664)
	at l.fire (/home/mezikko/.vscode-server/bin/89de5a8d4d6205e5b11647eb6a74844ca23d2573/out/vs/workbench/api/node/extensionHostProcess.js:82:881)
	at s.fire (/home/mezikko/.vscode-server/bin/89de5a8d4d6205e5b11647eb6a74844ca23d2573/out/vs/workbench/api/node/extensionHostProcess.js:107:14502)
	at h.z (/home/mezikko/.vscode-server/bin/89de5a8d4d6205e5b11647eb6a74844ca23d2573/out/vs/workbench/api/node/extensionHostProcess.js:107:17638)
	at n.value (/home/mezikko/.vscode-server/bin/89de5a8d4d6205e5b11647eb6a74844ca23d2573/out/vs/workbench/api/node/extensionHostProcess.js:107:16019)
	at l.y (/home/mezikko/.vscode-server/bin/89de5a8d4d6205e5b11647eb6a74844ca23d2573/out/vs/workbench/api/node/extensionHostProcess.js:82:664)
	at l.fire (/home/mezikko/.vscode-server/bin/89de5a8d4d6205e5b11647eb6a74844ca23d2573/out/vs/workbench/api/node/extensionHostProcess.js:82:881)
	at u.acceptChunk (/home/mezikko/.vscode-server/bin/89de5a8d4d6205e5b11647eb6a74844ca23d2573/out/vs/workbench/api/node/extensionHostProcess.js:107:12248)
	at n.value (/home/mezikko/.vscode-server/bin/89de5a8d4d6205e5b11647eb6a74844ca23d2573/out/vs/workbench/api/node/extensionHostProcess.js:107:11518)
	at l.y (/home/mezikko/.vscode-server/bin/89de5a8d4d6205e5b11647eb6a74844ca23d2573/out/vs/workbench/api/node/extensionHostProcess.js:82:664)
	at l.fire (/home/mezikko/.vscode-server/bin/89de5a8d4d6205e5b11647eb6a74844ca23d2573/out/vs/workbench/api/node/extensionHostProcess.js:82:881)
	at n.z (/home/mezikko/.vscode-server/bin/89de5a8d4d6205e5b11647eb6a74844ca23d2573/out/vs/workbench/api/node/extensionHostProcess.js:175:20497)
	at n.acceptFrame (/home/mezikko/.vscode-server/bin/89de5a8d4d6205e5b11647eb6a74844ca23d2573/out/vs/workbench/api/node/extensionHostProcess.js:175:20303)
	at g.n (/home/mezikko/.vscode-server/bin/89de5a8d4d6205e5b11647eb6a74844ca23d2573/out/vs/workbench/api/node/extensionHostProcess.js:175:18748)
	at /home/mezikko/.vscode-server/bin/89de5a8d4d6205e5b11647eb6a74844ca23d2573/out/vs/workbench/api/node/extensionHostProcess.js:175:15675
	at Socket.w (/home/mezikko/.vscode-server/bin/89de5a8d4d6205e5b11647eb6a74844ca23d2573/out/vs/workbench/api/node/extensionHostProcess.js:175:13305)
	at Socket.emit (node:events:518:28)
	at addChunk (node:internal/streams/readable:559:12)
	at readableAddChunkPushByteMode (node:internal/streams/readable:510:3)
	at Readable.push (node:internal/streams/readable:390:5)
	at TCP.onStreamRead (node:internal/stream_base_commons:190:23) setContext undefined
2024-09-23 00:41:45.567 [error] Canceled: Canceled
	at new A (/home/mezikko/.vscode-server/bin/89de5a8d4d6205e5b11647eb6a74844ca23d2573/out/vs/workbench/api/node/extensionHostProcess.js:145:50615)
	at E.U (/home/mezikko/.vscode-server/bin/89de5a8d4d6205e5b11647eb6a74844ca23d2573/out/vs/workbench/api/node/extensionHostProcess.js:152:6007)
	at z.<computed>.M.charCodeAt.R.CharCode.DollarSign.z.<computed> (/home/mezikko/.vscode-server/bin/89de5a8d4d6205e5b11647eb6a74844ca23d2573/out/vs/workbench/api/node/extensionHostProcess.js:152:3091)
	at h.g (/home/mezikko/.vscode-server/bin/89de5a8d4d6205e5b11647eb6a74844ca23d2573/out/vs/workbench/api/node/extensionHostProcess.js:155:199935)
	at h.executeCommand (/home/mezikko/.vscode-server/bin/89de5a8d4d6205e5b11647eb6a74844ca23d2573/out/vs/workbench/api/node/extensionHostProcess.js:155:199373)
	at I.registerCommand.description (/home/mezikko/.vscode-server/bin/89de5a8d4d6205e5b11647eb6a74844ca23d2573/out/vs/workbench/api/node/extensionHostProcess.js:155:198697)
	at h (/home/mezikko/.vscode-server/bin/89de5a8d4d6205e5b11647eb6a74844ca23d2573/out/vs/workbench/api/node/extensionHostProcess.js:155:200474)
	at h.g (/home/mezikko/.vscode-server/bin/89de5a8d4d6205e5b11647eb6a74844ca23d2573/out/vs/workbench/api/node/extensionHostProcess.js:155:199466)
	at h.executeCommand (/home/mezikko/.vscode-server/bin/89de5a8d4d6205e5b11647eb6a74844ca23d2573/out/vs/workbench/api/node/extensionHostProcess.js:155:199373)
	at Object.executeCommand (/home/mezikko/.vscode-server/bin/89de5a8d4d6205e5b11647eb6a74844ca23d2573/out/vs/workbench/api/node/extensionHostProcess.js:165:22742)
	at set hasGitHubRepositories [as hasGitHubRepositories] (/home/mezikko/.vscode-server/bin/89de5a8d4d6205e5b11647eb6a74844ca23d2573/extensions/github/dist/extension.js:2:322969)
	at /home/mezikko/.vscode-server/bin/89de5a8d4d6205e5b11647eb6a74844ca23d2573/extensions/github/dist/extension.js:2:323928
	at n.value (/home/mezikko/.vscode-server/bin/89de5a8d4d6205e5b11647eb6a74844ca23d2573/extensions/git/dist/main.js:2:1050764)
	at l.y (/home/mezikko/.vscode-server/bin/89de5a8d4d6205e5b11647eb6a74844ca23d2573/out/vs/workbench/api/node/extensionHostProcess.js:82:664)
	at l.z (/home/mezikko/.vscode-server/bin/89de5a8d4d6205e5b11647eb6a74844ca23d2573/out/vs/workbench/api/node/extensionHostProcess.js:82:734)
	at l.fire (/home/mezikko/.vscode-server/bin/89de5a8d4d6205e5b11647eb6a74844ca23d2573/out/vs/workbench/api/node/extensionHostProcess.js:82:950)
	at Object.p [as dispose] (/home/mezikko/.vscode-server/bin/89de5a8d4d6205e5b11647eb6a74844ca23d2573/extensions/git/dist/main.js:2:964275)
	at /home/mezikko/.vscode-server/bin/89de5a8d4d6205e5b11647eb6a74844ca23d2573/extensions/git/dist/main.js:2:970313
	at Array.forEach (<anonymous>)
	at f.dispose (/home/mezikko/.vscode-server/bin/89de5a8d4d6205e5b11647eb6a74844ca23d2573/extensions/git/dist/main.js:2:970299)
	at a.<anonymous> (/home/mezikko/.vscode-server/bin/89de5a8d4d6205e5b11647eb6a74844ca23d2573/out/vs/workbench/api/node/extensionHostProcess.js:153:4032)
	at a.dispose (/home/mezikko/.vscode-server/bin/89de5a8d4d6205e5b11647eb6a74844ca23d2573/out/vs/workbench/api/node/extensionHostProcess.js:153:4129)
	at a.<anonymous> (/home/mezikko/.vscode-server/bin/89de5a8d4d6205e5b11647eb6a74844ca23d2573/extensions/git/dist/main.js:2:947448)
	at a.dispose (/home/mezikko/.vscode-server/bin/89de5a8d4d6205e5b11647eb6a74844ca23d2573/out/vs/workbench/api/node/extensionHostProcess.js:153:4129)
	at f (/home/mezikko/.vscode-server/bin/89de5a8d4d6205e5b11647eb6a74844ca23d2573/out/vs/workbench/api/node/extensionHostProcess.js:30:744)
	at u.eb (/home/mezikko/.vscode-server/bin/89de5a8d4d6205e5b11647eb6a74844ca23d2573/out/vs/workbench/api/node/extensionHostProcess.js:161:9991)
	at /home/mezikko/.vscode-server/bin/89de5a8d4d6205e5b11647eb6a74844ca23d2573/out/vs/workbench/api/node/extensionHostProcess.js:161:7867
	at Array.map (<anonymous>)
	at u.$ (/home/mezikko/.vscode-server/bin/89de5a8d4d6205e5b11647eb6a74844ca23d2573/out/vs/workbench/api/node/extensionHostProcess.js:161:7854)
	at u.terminate (/home/mezikko/.vscode-server/bin/89de5a8d4d6205e5b11647eb6a74844ca23d2573/out/vs/workbench/api/node/extensionHostProcess.js:161:8127)
	at f.terminate (/home/mezikko/.vscode-server/bin/89de5a8d4d6205e5b11647eb6a74844ca23d2573/out/vs/workbench/api/node/extensionHostProcess.js:165:1513)
	at t (/home/mezikko/.vscode-server/bin/89de5a8d4d6205e5b11647eb6a74844ca23d2573/out/vs/workbench/api/node/extensionHostProcess.js:178:10459)
	at n.value (/home/mezikko/.vscode-server/bin/89de5a8d4d6205e5b11647eb6a74844ca23d2573/out/vs/workbench/api/node/extensionHostProcess.js:178:8427)
	at l.y (/home/mezikko/.vscode-server/bin/89de5a8d4d6205e5b11647eb6a74844ca23d2573/out/vs/workbench/api/node/extensionHostProcess.js:82:664)
	at l.fire (/home/mezikko/.vscode-server/bin/89de5a8d4d6205e5b11647eb6a74844ca23d2573/out/vs/workbench/api/node/extensionHostProcess.js:82:881)
	at s.fire (/home/mezikko/.vscode-server/bin/89de5a8d4d6205e5b11647eb6a74844ca23d2573/out/vs/workbench/api/node/extensionHostProcess.js:107:14502)
	at h.z (/home/mezikko/.vscode-server/bin/89de5a8d4d6205e5b11647eb6a74844ca23d2573/out/vs/workbench/api/node/extensionHostProcess.js:107:17638)
	at n.value (/home/mezikko/.vscode-server/bin/89de5a8d4d6205e5b11647eb6a74844ca23d2573/out/vs/workbench/api/node/extensionHostProcess.js:107:16019)
	at l.y (/home/mezikko/.vscode-server/bin/89de5a8d4d6205e5b11647eb6a74844ca23d2573/out/vs/workbench/api/node/extensionHostProcess.js:82:664)
	at l.fire (/home/mezikko/.vscode-server/bin/89de5a8d4d6205e5b11647eb6a74844ca23d2573/out/vs/workbench/api/node/extensionHostProcess.js:82:881)
	at u.acceptChunk (/home/mezikko/.vscode-server/bin/89de5a8d4d6205e5b11647eb6a74844ca23d2573/out/vs/workbench/api/node/extensionHostProcess.js:107:12248)
	at n.value (/home/mezikko/.vscode-server/bin/89de5a8d4d6205e5b11647eb6a74844ca23d2573/out/vs/workbench/api/node/extensionHostProcess.js:107:11518)
	at l.y (/home/mezikko/.vscode-server/bin/89de5a8d4d6205e5b11647eb6a74844ca23d2573/out/vs/workbench/api/node/extensionHostProcess.js:82:664)
	at l.fire (/home/mezikko/.vscode-server/bin/89de5a8d4d6205e5b11647eb6a74844ca23d2573/out/vs/workbench/api/node/extensionHostProcess.js:82:881)
	at n.z (/home/mezikko/.vscode-server/bin/89de5a8d4d6205e5b11647eb6a74844ca23d2573/out/vs/workbench/api/node/extensionHostProcess.js:175:20497)
	at n.acceptFrame (/home/mezikko/.vscode-server/bin/89de5a8d4d6205e5b11647eb6a74844ca23d2573/out/vs/workbench/api/node/extensionHostProcess.js:175:20303)
	at g.n (/home/mezikko/.vscode-server/bin/89de5a8d4d6205e5b11647eb6a74844ca23d2573/out/vs/workbench/api/node/extensionHostProcess.js:175:18748)
	at /home/mezikko/.vscode-server/bin/89de5a8d4d6205e5b11647eb6a74844ca23d2573/out/vs/workbench/api/node/extensionHostProcess.js:175:15675
	at Socket.w (/home/mezikko/.vscode-server/bin/89de5a8d4d6205e5b11647eb6a74844ca23d2573/out/vs/workbench/api/node/extensionHostProcess.js:175:13305)
	at Socket.emit (node:events:518:28)
	at addChunk (node:internal/streams/readable:559:12)
	at readableAddChunkPushByteMode (node:internal/streams/readable:510:3)
	at Readable.push (node:internal/streams/readable:390:5)
	at TCP.onStreamRead (node:internal/stream_base_commons:190:23) setContext undefined
2024-09-23 00:41:45.602 [info] Extension host with pid 5650 exiting with code 0
