2024-09-08 09:47:01.807 [info] Log level: Info
2024-09-08 09:47:01.807 [info] Validating found git in: "git"
2024-09-08 09:47:01.807 [info] Using git "2.34.1" from "git"
2024-09-08 09:47:01.807 [info] > git rev-parse --show-toplevel [143ms]
2024-09-08 09:47:01.810 [info] > git rev-parse --git-dir --git-common-dir [16ms]
2024-09-08 09:47:01.849 [info] Open repository: /home/mezikko
2024-09-08 09:47:02.053 [info] > git config --get commit.template [118ms]
2024-09-08 09:47:02.091 [info] > git rev-parse --show-toplevel [89ms]
2024-09-08 09:47:02.275 [info] > git for-each-ref --format=%(refname)%00%(upstream:short)%00%(objectname)%00%(upstream:track)%00%(upstream:remotename)%00%(upstream:remoteref) refs/heads/master refs/remotes/master [84ms]
2024-09-08 09:47:02.280 [info] > git rev-parse --show-toplevel [34ms]
2024-09-08 09:47:02.418 [info] > git rev-parse --show-toplevel [102ms]
2024-09-08 09:47:02.551 [info] > git rev-parse --show-toplevel [65ms]
2024-09-08 09:47:02.663 [info] > git rev-parse --show-toplevel [63ms]
2024-09-08 09:47:02.732 [info] > git check-ignore -v -z --stdin [76ms]
2024-09-08 09:47:02.739 [info] > git rev-parse --show-toplevel [16ms]
2024-09-08 09:47:02.803 [info] > git rev-parse --show-toplevel [10ms]
2024-09-08 09:47:02.930 [info] > git show --textconv :apple.sh [66ms]
2024-09-08 09:47:02.936 [info] > git ls-files --stage -- /home/mezikko/apple.sh [14ms]
2024-09-08 09:47:03.004 [info] > git cat-file -s f28281d8b96b3b05edb978f6cf4f4336fd98ea1e [13ms]
2024-09-08 09:47:03.042 [info] > git status -z -uall [658ms]
2024-09-08 09:47:04.713 [info] > git merge-base refs/heads/master refs/remotes/origin/master [1526ms]
2024-09-08 09:47:04.779 [info] > git config --get commit.template [82ms]
2024-09-08 09:47:04.866 [info] > git rev-list --count --left-right refs/heads/master...refs/remotes/origin/master [93ms]
2024-09-08 09:47:04.918 [info] > git for-each-ref --format=%(refname)%00%(upstream:short)%00%(objectname)%00%(upstream:track)%00%(upstream:remotename)%00%(upstream:remoteref) refs/heads/master refs/remotes/master [90ms]
2024-09-08 09:47:04.970 [info] > git diff --name-status -z --diff-filter=ADMR 0ee2e4a3d4955a744a76c42bdebf783b3fc735bb...refs/remotes/origin/master [56ms]
2024-09-08 09:47:05.612 [info] > git status -z -uall [649ms]
2024-09-08 09:47:10.726 [info] > git config --get commit.template [47ms]
2024-09-08 09:47:10.732 [info] > git for-each-ref --format=%(refname)%00%(upstream:short)%00%(objectname)%00%(upstream:track)%00%(upstream:remotename)%00%(upstream:remoteref) refs/heads/master refs/remotes/master [9ms]
2024-09-08 09:47:11.214 [info] > git status -z -uall [433ms]
2024-09-08 09:47:24.533 [info] > git config --get commit.template [65ms]
2024-09-08 09:47:24.538 [info] > git for-each-ref --format=%(refname)%00%(upstream:short)%00%(objectname)%00%(upstream:track)%00%(upstream:remotename)%00%(upstream:remoteref) refs/heads/master refs/remotes/master [9ms]
