2024-09-22 00:01:28.401 [info] Log level: Info
2024-09-22 00:01:28.401 [info] Validating found git in: "git"
2024-09-22 00:01:28.401 [info] Using git "2.34.1" from "git"
2024-09-22 00:01:28.401 [info] > git rev-parse --show-toplevel [11ms]
2024-09-22 00:01:28.403 [info] > git rev-parse --path-format=relative --show-toplevel [7ms]
2024-09-22 00:01:28.431 [info] > git rev-parse --git-dir --git-common-dir [6ms]
2024-09-22 00:01:28.448 [info] Open repository: /mnt/c/users/lenovo/onedrive/desktop/TERRAFORM/terraform-london-project
2024-09-22 00:01:28.537 [info] > git rev-parse --show-toplevel [35ms]
2024-09-22 00:01:28.564 [info] > git config --get commit.template [83ms]
2024-09-22 00:01:28.595 [info] > git rev-parse --path-format=relative --show-toplevel [31ms]
2024-09-22 00:01:28.619 [info] > git for-each-ref --format=%(refname)%00%(upstream:short)%00%(objectname)%00%(upstream:track)%00%(upstream:remotename)%00%(upstream:remoteref) refs/heads/master refs/remotes/master [26ms]
2024-09-22 00:01:28.705 [info] > git status -z -uall [60ms]
2024-09-22 00:01:28.865 [info] > git config --get commit.template [127ms]
2024-09-22 00:01:28.884 [info] > git for-each-ref --format=%(refname)%00%(upstream:short)%00%(objectname)%00%(upstream:track)%00%(upstream:remotename)%00%(upstream:remoteref) refs/heads/master refs/remotes/master [116ms]
2024-09-22 00:01:28.926 [info] > git status -z -uall [17ms]
2024-09-22 00:01:29.051 [info] > git check-ignore -v -z --stdin [7ms]
2024-09-22 01:10:27.101 [info] > git config --get commit.template [36ms]
2024-09-22 01:10:27.104 [info] > git for-each-ref --format=%(refname)%00%(upstream:short)%00%(objectname)%00%(upstream:track)%00%(upstream:remotename)%00%(upstream:remoteref) refs/heads/master refs/remotes/master [14ms]
2024-09-22 01:10:27.169 [info] > git status -z -uall [33ms]
2024-09-22 01:10:32.251 [info] > git config --get commit.template [34ms]
2024-09-22 01:10:32.256 [info] > git for-each-ref --format=%(refname)%00%(upstream:short)%00%(objectname)%00%(upstream:track)%00%(upstream:remotename)%00%(upstream:remoteref) refs/heads/master refs/remotes/master [8ms]
2024-09-22 01:10:32.302 [info] > git status -z -uall [16ms]
2024-09-22 01:10:34.247 [info] > git show --textconv :provider.tf [41ms]
2024-09-22 01:10:34.255 [info] > git ls-files --stage -- /mnt/c/users/lenovo/onedrive/desktop/TERRAFORM/terraform-london-project/provider.tf [11ms]
2024-09-22 01:10:34.300 [info] > git cat-file -s 07fbf9892dd5c9c0c3b18778661442a7fe02f3ae [8ms]
2024-09-22 19:28:56.004 [info] > git config --get commit.template [61ms]
2024-09-22 19:28:56.052 [info] > git ls-files --stage -- /mnt/c/users/lenovo/onedrive/desktop/TERRAFORM/terraform-london-project/provider.tf [56ms]
2024-09-22 19:28:56.098 [info] > git for-each-ref --format=%(refname)%00%(upstream:short)%00%(objectname)%00%(upstream:track)%00%(upstream:remotename)%00%(upstream:remoteref) refs/heads/master refs/remotes/master [52ms]
2024-09-22 19:28:56.148 [info] > git cat-file -s 07fbf9892dd5c9c0c3b18778661442a7fe02f3ae [52ms]
2024-09-22 19:28:56.314 [info] > git show --textconv :provider.tf [30ms]
2024-09-22 19:28:56.369 [info] > git status -z -uall [228ms]
2024-09-22 19:28:57.371 [info] > git ls-files --stage -- /mnt/c/users/lenovo/onedrive/desktop/TERRAFORM/terraform-london-project/provider.tf [9ms]
2024-09-22 19:28:57.439 [info] > git cat-file -s 07fbf9892dd5c9c0c3b18778661442a7fe02f3ae [15ms]
2024-09-22 19:28:57.502 [info] > git show --textconv :provider.tf [13ms]
2024-09-22 19:29:01.501 [info] > git config --get commit.template [60ms]
2024-09-22 19:29:01.510 [info] > git for-each-ref --format=%(refname)%00%(upstream:short)%00%(objectname)%00%(upstream:track)%00%(upstream:remotename)%00%(upstream:remoteref) refs/heads/master refs/remotes/master [12ms]
2024-09-22 19:29:01.584 [info] > git status -z -uall [26ms]
2024-09-22 19:29:13.996 [info] > git config --get commit.template [70ms]
2024-09-22 19:29:14.005 [info] > git for-each-ref --format=%(refname)%00%(upstream:short)%00%(objectname)%00%(upstream:track)%00%(upstream:remotename)%00%(upstream:remoteref) refs/heads/master refs/remotes/master [11ms]
2024-09-22 19:29:14.075 [info] > git status -z -uall [29ms]
2024-09-22 19:29:19.183 [info] > git config --get commit.template [52ms]
2024-09-22 19:29:19.196 [info] > git for-each-ref --format=%(refname)%00%(upstream:short)%00%(objectname)%00%(upstream:track)%00%(upstream:remotename)%00%(upstream:remoteref) refs/heads/master refs/remotes/master [16ms]
2024-09-22 19:29:19.274 [info] > git status -z -uall [24ms]
2024-09-22 19:29:28.070 [info] > git config --get commit.template [54ms]
2024-09-22 19:29:28.139 [info] > git for-each-ref --format=%(refname)%00%(upstream:short)%00%(objectname)%00%(upstream:track)%00%(upstream:remotename)%00%(upstream:remoteref) refs/heads/master refs/remotes/master [72ms]
2024-09-22 19:29:28.205 [info] > git ls-files --stage -- /mnt/c/users/lenovo/onedrive/desktop/TERRAFORM/terraform-london-project/provider.tf [68ms]
2024-09-22 19:29:28.267 [info] > git status -z -uall [66ms]
2024-09-22 19:29:28.284 [info] > git cat-file -s 07fbf9892dd5c9c0c3b18778661442a7fe02f3ae [19ms]
2024-09-22 19:29:28.428 [info] > git show --textconv :provider.tf [20ms]
2024-09-22 19:29:32.056 [info] > git ls-files --stage -- /mnt/c/users/lenovo/onedrive/desktop/TERRAFORM/terraform-london-project/provider.tf [9ms]
2024-09-22 19:29:32.128 [info] > git cat-file -s 07fbf9892dd5c9c0c3b18778661442a7fe02f3ae [17ms]
2024-09-22 19:29:32.199 [info] > git show --textconv :provider.tf [16ms]
2024-09-22 19:29:33.407 [info] > git config --get commit.template [53ms]
2024-09-22 19:29:33.418 [info] > git for-each-ref --format=%(refname)%00%(upstream:short)%00%(objectname)%00%(upstream:track)%00%(upstream:remotename)%00%(upstream:remoteref) refs/heads/master refs/remotes/master [13ms]
2024-09-22 19:29:33.486 [info] > git status -z -uall [22ms]
2024-09-22 19:30:31.280 [info] > git config --get commit.template [49ms]
2024-09-22 19:30:31.285 [info] > git for-each-ref --format=%(refname)%00%(upstream:short)%00%(objectname)%00%(upstream:track)%00%(upstream:remotename)%00%(upstream:remoteref) refs/heads/master refs/remotes/master [14ms]
2024-09-22 19:30:31.341 [info] > git status -z -uall [19ms]
2024-09-22 19:30:36.492 [info] > git config --get commit.template [58ms]
2024-09-22 19:30:36.507 [info] > git for-each-ref --format=%(refname)%00%(upstream:short)%00%(objectname)%00%(upstream:track)%00%(upstream:remotename)%00%(upstream:remoteref) refs/heads/master refs/remotes/master [20ms]
2024-09-22 19:30:36.586 [info] > git status -z -uall [27ms]
2024-09-22 19:30:58.413 [info] > git config --get commit.template [61ms]
2024-09-22 19:30:58.470 [info] > git for-each-ref --format=%(refname)%00%(upstream:short)%00%(objectname)%00%(upstream:track)%00%(upstream:remotename)%00%(upstream:remoteref) refs/heads/master refs/remotes/master [60ms]
2024-09-22 19:30:58.564 [info] > git ls-files --stage -- /mnt/c/users/lenovo/onedrive/desktop/TERRAFORM/terraform-london-project/provider.tf [98ms]
2024-09-22 19:30:58.622 [info] > git cat-file -s bbfb5c42bebd65fafd526437ba5c3fbcba6472d4 [14ms]
2024-09-22 19:30:58.692 [info] > git show --textconv :provider.tf [18ms]
2024-09-22 19:31:01.706 [info] > git ls-files --stage -- /mnt/c/users/lenovo/onedrive/desktop/TERRAFORM/terraform-london-project/provider.tf [11ms]
2024-09-22 19:31:01.757 [info] > git cat-file -s bbfb5c42bebd65fafd526437ba5c3fbcba6472d4 [11ms]
2024-09-22 19:31:01.818 [info] > git show --textconv :provider.tf [16ms]
2024-09-22 19:31:03.924 [info] > git ls-files --stage -- /mnt/c/users/lenovo/onedrive/desktop/TERRAFORM/terraform-london-project/provider.tf [11ms]
2024-09-22 19:31:03.975 [info] > git cat-file -s bbfb5c42bebd65fafd526437ba5c3fbcba6472d4 [10ms]
2024-09-22 19:31:04.031 [info] > git show --textconv :provider.tf [16ms]
2024-09-22 19:31:29.101 [info] > git status -z -uall [30586ms]
2024-09-22 19:31:33.949 [info] > git ls-files --stage -- /mnt/c/users/lenovo/onedrive/desktop/TERRAFORM/terraform-london-project/provider.tf [10ms]
2024-09-22 19:31:34.008 [info] > git cat-file -s bbfb5c42bebd65fafd526437ba5c3fbcba6472d4 [13ms]
2024-09-22 19:31:34.083 [info] > git show --textconv :provider.tf [18ms]
2024-09-22 19:31:34.225 [info] > git config --get commit.template [52ms]
2024-09-22 19:31:34.234 [info] > git for-each-ref --format=%(refname)%00%(upstream:short)%00%(objectname)%00%(upstream:track)%00%(upstream:remotename)%00%(upstream:remoteref) refs/heads/master refs/remotes/master [12ms]
2024-09-22 19:31:34.307 [info] > git status -z -uall [27ms]
2024-09-22 19:31:37.097 [info] > git ls-files --stage -- /mnt/c/users/lenovo/onedrive/desktop/TERRAFORM/terraform-london-project/provider.tf [9ms]
2024-09-22 19:31:37.146 [info] > git cat-file -s bbfb5c42bebd65fafd526437ba5c3fbcba6472d4 [10ms]
2024-09-22 19:31:37.205 [info] > git show --textconv :provider.tf [12ms]
2024-09-22 19:31:39.408 [info] > git config --get commit.template [47ms]
2024-09-22 19:31:39.417 [info] > git for-each-ref --format=%(refname)%00%(upstream:short)%00%(objectname)%00%(upstream:track)%00%(upstream:remotename)%00%(upstream:remoteref) refs/heads/master refs/remotes/master [12ms]
2024-09-22 19:31:39.485 [info] > git status -z -uall [22ms]
2024-09-22 19:32:02.825 [info] > git config --get commit.template [54ms]
2024-09-22 19:32:02.883 [info] > git for-each-ref --format=%(refname)%00%(upstream:short)%00%(objectname)%00%(upstream:track)%00%(upstream:remotename)%00%(upstream:remoteref) refs/heads/master refs/remotes/master [60ms]
2024-09-22 19:32:02.929 [info] > git ls-files --stage -- /mnt/c/users/lenovo/onedrive/desktop/TERRAFORM/terraform-london-project/provider.tf [48ms]
2024-09-22 19:32:02.980 [info] > git status -z -uall [54ms]
2024-09-22 19:32:02.991 [info] > git cat-file -s bbfb5c42bebd65fafd526437ba5c3fbcba6472d4 [13ms]
2024-09-22 19:32:03.143 [info] > git show --textconv :provider.tf [50ms]
2024-09-22 19:32:16.598 [info] > git config --get commit.template [46ms]
2024-09-22 19:32:16.648 [info] > git for-each-ref --format=%(refname)%00%(upstream:short)%00%(objectname)%00%(upstream:track)%00%(upstream:remotename)%00%(upstream:remoteref) refs/heads/master refs/remotes/master [52ms]
2024-09-22 19:32:16.687 [info] > git ls-files --stage -- /mnt/c/users/lenovo/onedrive/desktop/TERRAFORM/terraform-london-project/provider.tf [43ms]
2024-09-22 19:32:16.728 [info] > git status -z -uall [44ms]
2024-09-22 19:32:16.739 [info] > git cat-file -s bbfb5c42bebd65fafd526437ba5c3fbcba6472d4 [12ms]
2024-09-22 19:32:16.798 [info] > git show --textconv :provider.tf [15ms]
2024-09-22 19:39:04.658 [info] > git config --get commit.template [55ms]
2024-09-22 19:39:04.712 [info] > git for-each-ref --format=%(refname)%00%(upstream:short)%00%(objectname)%00%(upstream:track)%00%(upstream:remotename)%00%(upstream:remoteref) refs/heads/master refs/remotes/master [58ms]
2024-09-22 19:39:04.768 [info] > git ls-files --stage -- /mnt/c/users/lenovo/onedrive/desktop/TERRAFORM/terraform-london-project/provider.tf [59ms]
2024-09-22 19:39:04.814 [info] > git status -z -uall [49ms]
2024-09-22 19:39:04.827 [info] > git cat-file -s bbfb5c42bebd65fafd526437ba5c3fbcba6472d4 [15ms]
2024-09-22 19:39:04.898 [info] > git show --textconv :provider.tf [18ms]
2024-09-22 19:39:07.707 [info] > git ls-files --stage -- /mnt/c/users/lenovo/onedrive/desktop/TERRAFORM/terraform-london-project/provider.tf [9ms]
2024-09-22 19:39:07.758 [info] > git cat-file -s bbfb5c42bebd65fafd526437ba5c3fbcba6472d4 [9ms]
2024-09-22 19:39:07.820 [info] > git show --textconv :provider.tf [13ms]
2024-09-22 19:39:09.913 [info] > git config --get commit.template [49ms]
2024-09-22 19:39:09.921 [info] > git for-each-ref --format=%(refname)%00%(upstream:short)%00%(objectname)%00%(upstream:track)%00%(upstream:remotename)%00%(upstream:remoteref) refs/heads/master refs/remotes/master [10ms]
2024-09-22 19:39:09.979 [info] > git status -z -uall [18ms]
2024-09-22 19:41:46.071 [info] > git config --get commit.template [55ms]
2024-09-22 19:41:46.130 [info] > git for-each-ref --format=%(refname)%00%(upstream:short)%00%(objectname)%00%(upstream:track)%00%(upstream:remotename)%00%(upstream:remoteref) refs/heads/master refs/remotes/master [63ms]
2024-09-22 19:41:46.191 [info] > git ls-files --stage -- /mnt/c/users/lenovo/onedrive/desktop/TERRAFORM/terraform-london-project/provider.tf [63ms]
2024-09-22 19:41:46.244 [info] > git status -z -uall [56ms]
2024-09-22 19:41:46.255 [info] > git cat-file -s bbfb5c42bebd65fafd526437ba5c3fbcba6472d4 [13ms]
2024-09-22 19:41:46.325 [info] > git show --textconv :provider.tf [16ms]
2024-09-22 19:41:52.700 [info] > git config --get commit.template [50ms]
2024-09-22 19:41:52.752 [info] > git for-each-ref --format=%(refname)%00%(upstream:short)%00%(objectname)%00%(upstream:track)%00%(upstream:remotename)%00%(upstream:remoteref) refs/heads/master refs/remotes/master [55ms]
2024-09-22 19:41:52.801 [info] > git ls-files --stage -- /mnt/c/users/lenovo/onedrive/desktop/TERRAFORM/terraform-london-project/provider.tf [52ms]
2024-09-22 19:41:52.843 [info] > git status -z -uall [49ms]
2024-09-22 19:41:52.854 [info] > git cat-file -s bbfb5c42bebd65fafd526437ba5c3fbcba6472d4 [13ms]
2024-09-22 19:41:52.918 [info] > git show --textconv :provider.tf [15ms]
2024-09-22 19:43:57.863 [info] > git config --get commit.template [54ms]
2024-09-22 19:43:57.922 [info] > git for-each-ref --format=%(refname)%00%(upstream:short)%00%(objectname)%00%(upstream:track)%00%(upstream:remotename)%00%(upstream:remoteref) refs/heads/master refs/remotes/master [62ms]
2024-09-22 19:43:57.974 [info] > git ls-files --stage -- /mnt/c/users/lenovo/onedrive/desktop/TERRAFORM/terraform-london-project/provider.tf [54ms]
2024-09-22 19:43:58.018 [info] > git status -z -uall [52ms]
2024-09-22 19:43:58.030 [info] > git cat-file -s bbfb5c42bebd65fafd526437ba5c3fbcba6472d4 [14ms]
2024-09-22 19:43:58.139 [info] > git show --textconv :provider.tf [18ms]
2024-09-22 19:44:02.120 [info] > git ls-files --stage -- /mnt/c/users/lenovo/onedrive/desktop/TERRAFORM/terraform-london-project/provider.tf [11ms]
2024-09-22 19:44:02.177 [info] > git cat-file -s bbfb5c42bebd65fafd526437ba5c3fbcba6472d4 [11ms]
2024-09-22 19:44:02.248 [info] > git show --textconv :provider.tf [16ms]
2024-09-22 19:44:03.134 [info] > git config --get commit.template [43ms]
2024-09-22 19:44:03.142 [info] > git for-each-ref --format=%(refname)%00%(upstream:short)%00%(objectname)%00%(upstream:track)%00%(upstream:remotename)%00%(upstream:remoteref) refs/heads/master refs/remotes/master [10ms]
2024-09-22 19:44:03.199 [info] > git status -z -uall [18ms]
2024-09-22 19:45:07.578 [info] > git config --get commit.template [65ms]
2024-09-22 19:45:07.651 [info] > git for-each-ref --format=%(refname)%00%(upstream:short)%00%(objectname)%00%(upstream:track)%00%(upstream:remotename)%00%(upstream:remoteref) refs/heads/master refs/remotes/master [77ms]
2024-09-22 19:45:07.712 [info] > git ls-files --stage -- /mnt/c/users/lenovo/onedrive/desktop/TERRAFORM/terraform-london-project/provider.tf [64ms]
2024-09-22 19:45:07.775 [info] > git status -z -uall [64ms]
2024-09-22 19:45:07.850 [info] > git cat-file -s bbfb5c42bebd65fafd526437ba5c3fbcba6472d4 [77ms]
2024-09-22 19:45:07.856 [info] > git merge-base refs/heads/master refs/remotes/origin/master [21ms]
2024-09-22 19:45:07.857 [info] GitHistoryProvider:resolveHistoryItemGroupCommonAncestor - Failed to resolve common ancestor for 'refs/heads/master' and 'refs/remotes/origin/master'
2024-09-22 19:45:07.940 [info] > git show --textconv :provider.tf [22ms]
2024-09-22 19:45:11.305 [info] > git ls-files --stage -- /mnt/c/users/lenovo/onedrive/desktop/TERRAFORM/terraform-london-project/provider.tf [9ms]
2024-09-22 19:45:11.388 [info] > git cat-file -s bbfb5c42bebd65fafd526437ba5c3fbcba6472d4 [40ms]
2024-09-22 19:45:11.451 [info] > git show --textconv :provider.tf [14ms]
2024-09-22 19:45:12.958 [info] > git config --get commit.template [49ms]
2024-09-22 19:45:12.973 [info] > git for-each-ref --format=%(refname)%00%(upstream:short)%00%(objectname)%00%(upstream:track)%00%(upstream:remotename)%00%(upstream:remoteref) refs/heads/master refs/remotes/master [17ms]
2024-09-22 19:45:13.045 [info] > git status -z -uall [24ms]
2024-09-22 19:45:23.317 [info] > git config --get commit.template [55ms]
2024-09-22 19:45:23.375 [info] > git for-each-ref --format=%(refname)%00%(upstream:short)%00%(objectname)%00%(upstream:track)%00%(upstream:remotename)%00%(upstream:remoteref) refs/heads/master refs/remotes/master [62ms]
2024-09-22 19:45:23.422 [info] > git ls-files --stage -- /mnt/c/users/lenovo/onedrive/desktop/TERRAFORM/terraform-london-project/provider.tf [51ms]
2024-09-22 19:45:23.470 [info] > git status -z -uall [49ms]
2024-09-22 19:45:23.482 [info] > git cat-file -s bbfb5c42bebd65fafd526437ba5c3fbcba6472d4 [14ms]
2024-09-22 19:45:23.554 [info] > git show --textconv :provider.tf [15ms]
2024-09-22 19:45:27.297 [info] > git ls-files --stage -- /mnt/c/users/lenovo/onedrive/desktop/TERRAFORM/terraform-london-project/provider.tf [19ms]
2024-09-22 19:45:27.378 [info] > git cat-file -s bbfb5c42bebd65fafd526437ba5c3fbcba6472d4 [21ms]
2024-09-22 19:45:27.473 [info] > git show --textconv :provider.tf [21ms]
2024-09-22 19:45:28.588 [info] > git config --get commit.template [42ms]
2024-09-22 19:45:28.633 [info] > git for-each-ref --format=%(refname)%00%(upstream:short)%00%(objectname)%00%(upstream:track)%00%(upstream:remotename)%00%(upstream:remoteref) refs/heads/master refs/remotes/master [46ms]
2024-09-22 19:45:28.696 [info] > git status -z -uall [18ms]
2024-09-22 19:45:59.944 [info] > git config --get commit.template [51ms]
2024-09-22 19:46:00.000 [info] > git for-each-ref --format=%(refname)%00%(upstream:short)%00%(objectname)%00%(upstream:track)%00%(upstream:remotename)%00%(upstream:remoteref) refs/heads/master refs/remotes/master [59ms]
2024-09-22 19:46:00.054 [info] > git ls-files --stage -- /mnt/c/users/lenovo/onedrive/desktop/TERRAFORM/terraform-london-project/provider.tf [57ms]
2024-09-22 19:46:00.108 [info] > git status -z -uall [56ms]
2024-09-22 19:46:00.122 [info] > git cat-file -s bbfb5c42bebd65fafd526437ba5c3fbcba6472d4 [15ms]
2024-09-22 19:46:00.193 [info] > git show --textconv :provider.tf [15ms]
2024-09-22 19:46:03.884 [info] > git ls-files --stage -- /mnt/c/users/lenovo/onedrive/desktop/TERRAFORM/terraform-london-project/provider.tf [10ms]
2024-09-22 19:46:03.937 [info] > git cat-file -s bbfb5c42bebd65fafd526437ba5c3fbcba6472d4 [12ms]
2024-09-22 19:46:04.003 [info] > git show --textconv :provider.tf [16ms]
2024-09-22 19:46:05.270 [info] > git config --get commit.template [48ms]
2024-09-22 19:46:05.296 [info] > git for-each-ref --format=%(refname)%00%(upstream:short)%00%(objectname)%00%(upstream:track)%00%(upstream:remotename)%00%(upstream:remoteref) refs/heads/master refs/remotes/master [30ms]
2024-09-22 19:46:05.371 [info] > git status -z -uall [20ms]
2024-09-22 19:46:53.758 [info] > git config --get commit.template [71ms]
2024-09-22 19:46:53.811 [info] > git for-each-ref --format=%(refname)%00%(upstream:short)%00%(objectname)%00%(upstream:track)%00%(upstream:remotename)%00%(upstream:remoteref) refs/heads/master refs/remotes/master [57ms]
2024-09-22 19:46:53.865 [info] > git ls-files --stage -- /mnt/c/users/lenovo/onedrive/desktop/TERRAFORM/terraform-london-project/provider.tf [57ms]
2024-09-22 19:46:53.923 [info] > git status -z -uall [60ms]
2024-09-22 19:46:53.936 [info] > git cat-file -s bbfb5c42bebd65fafd526437ba5c3fbcba6472d4 [13ms]
2024-09-22 19:46:54.008 [info] > git show --textconv :provider.tf [16ms]
2024-09-22 19:46:57.696 [info] > git ls-files --stage -- /mnt/c/users/lenovo/onedrive/desktop/TERRAFORM/terraform-london-project/provider.tf [10ms]
2024-09-22 19:46:57.749 [info] > git cat-file -s bbfb5c42bebd65fafd526437ba5c3fbcba6472d4 [10ms]
2024-09-22 19:46:57.814 [info] > git show --textconv :provider.tf [13ms]
2024-09-22 19:46:59.021 [info] > git config --get commit.template [48ms]
2024-09-22 19:46:59.036 [info] > git for-each-ref --format=%(refname)%00%(upstream:short)%00%(objectname)%00%(upstream:track)%00%(upstream:remotename)%00%(upstream:remoteref) refs/heads/master refs/remotes/master [17ms]
2024-09-22 19:46:59.099 [info] > git status -z -uall [19ms]
2024-09-22 19:47:20.145 [info] > git config --get commit.template [61ms]
2024-09-22 19:47:20.257 [info] > git for-each-ref --format=%(refname)%00%(upstream:short)%00%(objectname)%00%(upstream:track)%00%(upstream:remotename)%00%(upstream:remoteref) refs/heads/master refs/remotes/master [116ms]
2024-09-22 19:47:20.267 [info] > git ls-files --stage -- /mnt/c/users/lenovo/onedrive/desktop/TERRAFORM/terraform-london-project/provider.tf [13ms]
2024-09-22 19:47:20.371 [info] > git cat-file -s bbfb5c42bebd65fafd526437ba5c3fbcba6472d4 [57ms]
2024-09-22 19:47:20.432 [info] > git status -z -uall [66ms]
2024-09-22 19:47:20.447 [info] > git show --textconv :provider.tf [19ms]
2024-09-22 19:47:23.998 [info] > git ls-files --stage -- /mnt/c/users/lenovo/onedrive/desktop/TERRAFORM/terraform-london-project/provider.tf [10ms]
2024-09-22 19:47:24.055 [info] > git cat-file -s bbfb5c42bebd65fafd526437ba5c3fbcba6472d4 [12ms]
2024-09-22 19:47:24.125 [info] > git show --textconv :provider.tf [15ms]
2024-09-22 19:47:25.539 [info] > git config --get commit.template [52ms]
2024-09-22 19:47:25.554 [info] > git for-each-ref --format=%(refname)%00%(upstream:short)%00%(objectname)%00%(upstream:track)%00%(upstream:remotename)%00%(upstream:remoteref) refs/heads/master refs/remotes/master [18ms]
2024-09-22 19:47:25.618 [info] > git status -z -uall [18ms]
2024-09-22 19:47:26.869 [info] > git ls-files --stage -- /mnt/c/users/lenovo/onedrive/desktop/TERRAFORM/terraform-london-project/provider.tf [11ms]
2024-09-22 19:47:26.921 [info] > git cat-file -s bbfb5c42bebd65fafd526437ba5c3fbcba6472d4 [13ms]
2024-09-22 19:47:26.981 [info] > git show --textconv :provider.tf [16ms]
2024-09-22 19:47:28.950 [info] > git check-ignore -v -z --stdin [35ms]
2024-09-22 19:47:30.007 [info] > git ls-files --stage -- /mnt/c/users/lenovo/onedrive/desktop/TERRAFORM/terraform-london-project/provider.tf [8ms]
2024-09-22 19:47:30.057 [info] > git cat-file -s bbfb5c42bebd65fafd526437ba5c3fbcba6472d4 [10ms]
2024-09-22 19:47:30.122 [info] > git show --textconv :provider.tf [13ms]
2024-09-22 19:47:30.695 [info] > git for-each-ref --format=%(refname)%00%(upstream:short)%00%(objectname)%00%(upstream:track)%00%(upstream:remotename)%00%(upstream:remoteref) refs/heads/master refs/remotes/master [23ms]
2024-09-22 19:47:30.818 [info] > git status -z -uall [79ms]
2024-09-22 19:47:34.879 [info] > git ls-files --stage -- /mnt/c/users/lenovo/onedrive/desktop/TERRAFORM/terraform-london-project/provider.tf [10ms]
2024-09-22 19:47:34.935 [info] > git cat-file -s bbfb5c42bebd65fafd526437ba5c3fbcba6472d4 [12ms]
2024-09-22 19:47:34.999 [info] > git show --textconv :provider.tf [14ms]
2024-09-22 19:47:35.900 [info] > git for-each-ref --format=%(refname)%00%(upstream:short)%00%(objectname)%00%(upstream:track)%00%(upstream:remotename)%00%(upstream:remoteref) refs/heads/master refs/remotes/master [16ms]
2024-09-22 19:47:35.957 [info] > git status -z -uall [17ms]
2024-09-22 19:47:45.321 [info] > git for-each-ref --format=%(refname)%00%(upstream:short)%00%(objectname)%00%(upstream:track)%00%(upstream:remotename)%00%(upstream:remoteref) refs/heads/master refs/remotes/master [15ms]
2024-09-22 19:47:45.411 [info] > git status -z -uall [49ms]
2024-09-22 19:47:45.417 [info] > git ls-files --stage -- /mnt/c/users/lenovo/onedrive/desktop/TERRAFORM/terraform-london-project/provider.tf [8ms]
2024-09-22 19:47:45.471 [info] > git cat-file -s bbfb5c42bebd65fafd526437ba5c3fbcba6472d4 [11ms]
2024-09-22 19:47:45.539 [info] > git show --textconv :provider.tf [17ms]
2024-09-22 19:47:48.918 [info] > git ls-files --stage -- /mnt/c/users/lenovo/onedrive/desktop/TERRAFORM/terraform-london-project/provider.tf [11ms]
2024-09-22 19:47:48.978 [info] > git cat-file -s bbfb5c42bebd65fafd526437ba5c3fbcba6472d4 [13ms]
2024-09-22 19:47:49.044 [info] > git show --textconv :provider.tf [13ms]
2024-09-22 19:47:50.504 [info] > git for-each-ref --format=%(refname)%00%(upstream:short)%00%(objectname)%00%(upstream:track)%00%(upstream:remotename)%00%(upstream:remoteref) refs/heads/master refs/remotes/master [21ms]
2024-09-22 19:47:50.586 [info] > git status -z -uall [19ms]
2024-09-22 19:48:30.211 [info] > git config --get commit.template [60ms]
2024-09-22 19:48:30.281 [info] > git for-each-ref --format=%(refname)%00%(upstream:short)%00%(objectname)%00%(upstream:track)%00%(upstream:remotename)%00%(upstream:remoteref) refs/heads/master refs/remotes/master [73ms]
2024-09-22 19:48:30.337 [info] > git ls-files --stage -- /mnt/c/users/lenovo/onedrive/desktop/TERRAFORM/terraform-london-project/provider.tf [62ms]
2024-09-22 19:48:30.389 [info] > git status -z -uall [55ms]
2024-09-22 19:48:30.460 [info] > git cat-file -s bbfb5c42bebd65fafd526437ba5c3fbcba6472d4 [73ms]
2024-09-22 19:48:30.514 [info] > git merge-base refs/heads/master refs/remotes/origin/master [67ms]
2024-09-22 19:48:30.568 [info] > git show --textconv :provider.tf [56ms]
2024-09-22 19:48:30.586 [info] > git rev-list --count --left-right refs/heads/master...refs/remotes/origin/master [22ms]
2024-09-22 19:48:30.662 [info] > git diff --name-status -z --diff-filter=ADMR 7e7f0d4dc140fbdafa451e052f6cb9ee48593792...refs/remotes/origin/master [19ms]
2024-09-22 19:48:35.556 [info] > git config --get commit.template [44ms]
2024-09-22 19:48:35.570 [info] > git for-each-ref --format=%(refname)%00%(upstream:short)%00%(objectname)%00%(upstream:track)%00%(upstream:remotename)%00%(upstream:remoteref) refs/heads/master refs/remotes/master [16ms]
2024-09-22 19:48:35.631 [info] > git status -z -uall [18ms]
2024-09-22 19:52:56.297 [info] > git config --get commit.template [57ms]
2024-09-22 19:52:56.319 [info] > git for-each-ref --format=%(refname)%00%(upstream:short)%00%(objectname)%00%(upstream:track)%00%(upstream:remotename)%00%(upstream:remoteref) refs/heads/master refs/remotes/master [25ms]
2024-09-22 19:52:56.393 [info] > git status -z -uall [23ms]
2024-09-22 19:53:05.330 [info] > git config --get commit.template [51ms]
2024-09-22 19:53:05.377 [info] > git for-each-ref --format=%(refname)%00%(upstream:short)%00%(objectname)%00%(upstream:track)%00%(upstream:remotename)%00%(upstream:remoteref) refs/heads/master refs/remotes/master [51ms]
2024-09-22 19:53:05.458 [info] > git status -z -uall [23ms]
2024-09-22 19:53:10.249 [info] > git ls-files --stage -- /mnt/c/users/lenovo/onedrive/desktop/TERRAFORM/terraform-london-project/provider.tf [12ms]
2024-09-22 19:53:10.312 [info] > git cat-file -s bbfb5c42bebd65fafd526437ba5c3fbcba6472d4 [13ms]
2024-09-22 19:53:10.380 [info] > git show --textconv :provider.tf [15ms]
2024-09-22 19:53:10.574 [info] > git config --get commit.template [58ms]
2024-09-22 19:53:10.589 [info] > git for-each-ref --format=%(refname)%00%(upstream:short)%00%(objectname)%00%(upstream:track)%00%(upstream:remotename)%00%(upstream:remoteref) refs/heads/master refs/remotes/master [23ms]
2024-09-22 19:53:10.669 [info] > git status -z -uall [32ms]
2024-09-22 19:53:19.812 [info] > git config --get commit.template [58ms]
2024-09-22 19:53:19.860 [info] > git ls-files --stage -- /mnt/c/users/lenovo/onedrive/desktop/TERRAFORM/terraform-london-project/provider.tf [51ms]
2024-09-22 19:53:19.908 [info] > git for-each-ref --format=%(refname)%00%(upstream:short)%00%(objectname)%00%(upstream:track)%00%(upstream:remotename)%00%(upstream:remoteref) refs/heads/master refs/remotes/master [50ms]
2024-09-22 19:53:19.952 [info] > git cat-file -s bbfb5c42bebd65fafd526437ba5c3fbcba6472d4 [47ms]
2024-09-22 19:53:20.014 [info] > git status -z -uall [63ms]
2024-09-22 19:53:20.037 [info] > git show --textconv :provider.tf [28ms]
2024-09-22 19:53:23.772 [info] > git ls-files --stage -- /mnt/c/users/lenovo/onedrive/desktop/TERRAFORM/terraform-london-project/provider.tf [11ms]
2024-09-22 19:53:23.825 [info] > git cat-file -s bbfb5c42bebd65fafd526437ba5c3fbcba6472d4 [11ms]
2024-09-22 19:53:23.886 [info] > git show --textconv :provider.tf [14ms]
2024-09-22 19:53:25.135 [info] > git config --get commit.template [52ms]
2024-09-22 19:53:25.151 [info] > git for-each-ref --format=%(refname)%00%(upstream:short)%00%(objectname)%00%(upstream:track)%00%(upstream:remotename)%00%(upstream:remoteref) refs/heads/master refs/remotes/master [19ms]
2024-09-22 19:53:25.218 [info] > git status -z -uall [21ms]
2024-09-22 19:53:25.286 [info] > git merge-base refs/heads/master refs/remotes/origin/master [18ms]
2024-09-22 19:53:25.364 [info] > git rev-list --count --left-right refs/heads/master...refs/remotes/origin/master [20ms]
2024-09-22 19:53:25.428 [info] > git diff --name-status -z --diff-filter=ADMR 7e7f0d4dc140fbdafa451e052f6cb9ee48593792...refs/remotes/origin/master [20ms]
2024-09-22 19:53:31.206 [info] > git config --get commit.template [69ms]
2024-09-22 19:53:31.254 [info] > git ls-files --stage -- /mnt/c/users/lenovo/onedrive/desktop/TERRAFORM/terraform-london-project/provider.tf [54ms]
2024-09-22 19:53:31.299 [info] > git for-each-ref --format=%(refname)%00%(upstream:short)%00%(objectname)%00%(upstream:track)%00%(upstream:remotename)%00%(upstream:remoteref) refs/heads/master refs/remotes/master [48ms]
2024-09-22 19:53:31.346 [info] > git cat-file -s bbfb5c42bebd65fafd526437ba5c3fbcba6472d4 [48ms]
2024-09-22 19:53:31.404 [info] > git status -z -uall [61ms]
2024-09-22 19:53:31.427 [info] > git show --textconv :provider.tf [25ms]
2024-09-22 19:57:16.404 [info] > git config --get commit.template [65ms]
2024-09-22 19:57:16.459 [info] > git for-each-ref --format=%(refname)%00%(upstream:short)%00%(objectname)%00%(upstream:track)%00%(upstream:remotename)%00%(upstream:remoteref) refs/heads/master refs/remotes/master [60ms]
2024-09-22 19:57:16.509 [info] > git ls-files --stage -- /mnt/c/users/lenovo/onedrive/desktop/TERRAFORM/terraform-london-project/provider.tf [52ms]
2024-09-22 19:57:16.558 [info] > git status -z -uall [51ms]
2024-09-22 19:57:16.573 [info] > git cat-file -s bbfb5c42bebd65fafd526437ba5c3fbcba6472d4 [16ms]
2024-09-22 19:57:16.689 [info] > git show --textconv :provider.tf [56ms]
2024-09-22 19:57:24.130 [info] > git config --get commit.template [52ms]
2024-09-22 19:57:24.174 [info] > git ls-files --stage -- /mnt/c/users/lenovo/onedrive/desktop/TERRAFORM/terraform-london-project/provider.tf [48ms]
2024-09-22 19:57:24.220 [info] > git for-each-ref --format=%(refname)%00%(upstream:short)%00%(objectname)%00%(upstream:track)%00%(upstream:remotename)%00%(upstream:remoteref) refs/heads/master refs/remotes/master [51ms]
2024-09-22 19:57:24.271 [info] > git cat-file -s bbfb5c42bebd65fafd526437ba5c3fbcba6472d4 [52ms]
2024-09-22 19:57:24.321 [info] > git status -z -uall [51ms]
2024-09-22 19:57:24.333 [info] > git show --textconv :provider.tf [14ms]
2024-09-22 19:57:28.072 [info] > git check-ignore -v -z --stdin [21ms]
2024-09-22 19:57:29.435 [info] > git config --get commit.template [48ms]
2024-09-22 19:57:29.449 [info] > git for-each-ref --format=%(refname)%00%(upstream:short)%00%(objectname)%00%(upstream:track)%00%(upstream:remotename)%00%(upstream:remoteref) refs/heads/master refs/remotes/master [17ms]
2024-09-22 19:57:29.536 [info] > git status -z -uall [45ms]
2024-09-22 19:57:36.936 [info] > git config --get commit.template [59ms]
2024-09-22 19:57:36.954 [info] > git for-each-ref --format=%(refname)%00%(upstream:short)%00%(objectname)%00%(upstream:track)%00%(upstream:remotename)%00%(upstream:remoteref) refs/heads/master refs/remotes/master [22ms]
2024-09-22 19:57:37.017 [info] > git status -z -uall [21ms]
2024-09-22 19:57:45.893 [info] > git config --get commit.template [57ms]
2024-09-22 19:57:45.953 [info] > git for-each-ref --format=%(refname)%00%(upstream:short)%00%(objectname)%00%(upstream:track)%00%(upstream:remotename)%00%(upstream:remoteref) refs/heads/master refs/remotes/master [63ms]
2024-09-22 19:57:46.015 [info] > git ls-files --stage -- /mnt/c/users/lenovo/onedrive/desktop/TERRAFORM/terraform-london-project/provider.tf [66ms]
2024-09-22 19:57:46.067 [info] > git status -z -uall [54ms]
2024-09-22 19:57:46.081 [info] > git cat-file -s bbfb5c42bebd65fafd526437ba5c3fbcba6472d4 [16ms]
2024-09-22 19:57:46.158 [info] > git show --textconv :provider.tf [17ms]
2024-09-22 19:57:50.117 [info] > git ls-files --stage -- /mnt/c/users/lenovo/onedrive/desktop/TERRAFORM/terraform-london-project/provider.tf [12ms]
2024-09-22 19:57:50.171 [info] > git cat-file -s bbfb5c42bebd65fafd526437ba5c3fbcba6472d4 [10ms]
2024-09-22 19:57:50.234 [info] > git show --textconv :provider.tf [17ms]
2024-09-22 19:57:51.175 [info] > git config --get commit.template [45ms]
2024-09-22 19:57:51.190 [info] > git for-each-ref --format=%(refname)%00%(upstream:short)%00%(objectname)%00%(upstream:track)%00%(upstream:remotename)%00%(upstream:remoteref) refs/heads/master refs/remotes/master [17ms]
2024-09-22 19:57:51.250 [info] > git status -z -uall [18ms]
2024-09-22 19:57:56.764 [info] > git config --get commit.template [55ms]
2024-09-22 19:57:56.820 [info] > git for-each-ref --format=%(refname)%00%(upstream:short)%00%(objectname)%00%(upstream:track)%00%(upstream:remotename)%00%(upstream:remoteref) refs/heads/master refs/remotes/master [58ms]
2024-09-22 19:57:56.876 [info] > git ls-files --stage -- /mnt/c/users/lenovo/onedrive/desktop/TERRAFORM/terraform-london-project/provider.tf [58ms]
2024-09-22 19:57:56.925 [info] > git status -z -uall [50ms]
2024-09-22 19:57:56.938 [info] > git cat-file -s bbfb5c42bebd65fafd526437ba5c3fbcba6472d4 [15ms]
2024-09-22 19:57:57.017 [info] > git show --textconv :provider.tf [26ms]
2024-09-22 19:58:01.286 [info] > git ls-files --stage -- /mnt/c/users/lenovo/onedrive/desktop/TERRAFORM/terraform-london-project/provider.tf [9ms]
2024-09-22 19:58:01.339 [info] > git cat-file -s bbfb5c42bebd65fafd526437ba5c3fbcba6472d4 [11ms]
2024-09-22 19:58:01.440 [info] > git show --textconv :provider.tf [47ms]
2024-09-22 19:58:02.153 [info] > git config --get commit.template [107ms]
2024-09-22 19:58:02.191 [info] > git for-each-ref --format=%(refname)%00%(upstream:short)%00%(objectname)%00%(upstream:track)%00%(upstream:remotename)%00%(upstream:remoteref) refs/heads/master refs/remotes/master [52ms]
2024-09-22 19:58:02.266 [info] > git status -z -uall [21ms]
2024-09-22 19:58:11.777 [info] > git config --get commit.template [51ms]
2024-09-22 19:58:11.876 [info] > git for-each-ref --format=%(refname)%00%(upstream:short)%00%(objectname)%00%(upstream:track)%00%(upstream:remotename)%00%(upstream:remoteref) refs/heads/master refs/remotes/master [103ms]
2024-09-22 19:58:11.926 [info] > git ls-files --stage -- /mnt/c/users/lenovo/onedrive/desktop/TERRAFORM/terraform-london-project/provider.tf [53ms]
2024-09-22 19:58:11.975 [info] > git status -z -uall [52ms]
2024-09-22 19:58:12.038 [info] > git cat-file -s bbfb5c42bebd65fafd526437ba5c3fbcba6472d4 [65ms]
2024-09-22 19:58:12.096 [info] > git merge-base refs/heads/master refs/remotes/origin/master [64ms]
2024-09-22 19:58:12.150 [info] > git show --textconv :provider.tf [58ms]
2024-09-22 19:58:12.209 [info] > git rev-list --count --left-right refs/heads/master...refs/remotes/origin/master [68ms]
2024-09-22 19:58:12.288 [info] > git diff --name-status -z --diff-filter=ADMR 7e7f0d4dc140fbdafa451e052f6cb9ee48593792...refs/remotes/origin/master [20ms]
2024-09-22 19:58:25.388 [info] > git config --get commit.template [105ms]
2024-09-22 19:58:25.392 [info] > git ls-files --stage -- /mnt/c/users/lenovo/onedrive/desktop/TERRAFORM/terraform-london-project/provider.tf [57ms]
2024-09-22 19:58:25.442 [info] > git for-each-ref --format=%(refname)%00%(upstream:short)%00%(objectname)%00%(upstream:track)%00%(upstream:remotename)%00%(upstream:remoteref) refs/heads/master refs/remotes/master [58ms]
2024-09-22 19:58:25.491 [info] > git cat-file -s bbfb5c42bebd65fafd526437ba5c3fbcba6472d4 [56ms]
2024-09-22 19:58:25.539 [info] > git status -z -uall [51ms]
2024-09-22 19:58:25.557 [info] > git show --textconv :provider.tf [21ms]
2024-09-22 19:58:30.983 [info] > git config --get commit.template [48ms]
2024-09-22 19:58:31.041 [info] > git for-each-ref --format=%(refname)%00%(upstream:short)%00%(objectname)%00%(upstream:track)%00%(upstream:remotename)%00%(upstream:remoteref) refs/heads/master refs/remotes/master [60ms]
2024-09-22 19:58:31.088 [info] > git ls-files --stage -- /mnt/c/users/lenovo/onedrive/desktop/TERRAFORM/terraform-london-project/provider.tf [50ms]
2024-09-22 19:58:31.132 [info] > git status -z -uall [46ms]
2024-09-22 19:58:31.144 [info] > git cat-file -s bbfb5c42bebd65fafd526437ba5c3fbcba6472d4 [13ms]
2024-09-22 19:58:31.201 [info] > git show --textconv :provider.tf [13ms]
2024-09-22 19:58:35.960 [info] > git ls-files --stage -- /mnt/c/users/lenovo/onedrive/desktop/TERRAFORM/terraform-london-project/provider.tf [44ms]
2024-09-22 19:58:36.024 [info] > git cat-file -s bbfb5c42bebd65fafd526437ba5c3fbcba6472d4 [13ms]
2024-09-22 19:58:36.088 [info] > git show --textconv :provider.tf [16ms]
2024-09-22 19:58:36.217 [info] > git config --get commit.template [42ms]
2024-09-22 19:58:36.231 [info] > git for-each-ref --format=%(refname)%00%(upstream:short)%00%(objectname)%00%(upstream:track)%00%(upstream:remotename)%00%(upstream:remoteref) refs/heads/master refs/remotes/master [17ms]
2024-09-22 19:58:36.284 [info] > git status -z -uall [16ms]
2024-09-22 20:00:28.848 [info] > git config --get commit.template [65ms]
2024-09-22 20:00:28.900 [info] > git for-each-ref --format=%(refname)%00%(upstream:short)%00%(objectname)%00%(upstream:track)%00%(upstream:remotename)%00%(upstream:remoteref) refs/heads/master refs/remotes/master [55ms]
2024-09-22 20:00:28.977 [info] > git status -z -uall [23ms]
2024-09-22 20:00:34.128 [info] > git config --get commit.template [62ms]
2024-09-22 20:00:34.144 [info] > git for-each-ref --format=%(refname)%00%(upstream:short)%00%(objectname)%00%(upstream:track)%00%(upstream:remotename)%00%(upstream:remoteref) refs/heads/master refs/remotes/master [19ms]
2024-09-22 20:00:34.215 [info] > git status -z -uall [24ms]
2024-09-22 20:04:52.931 [info] > git config --get commit.template [58ms]
2024-09-22 20:04:53.038 [info] > git for-each-ref --format=%(refname)%00%(upstream:short)%00%(objectname)%00%(upstream:track)%00%(upstream:remotename)%00%(upstream:remoteref) refs/heads/master refs/remotes/master [111ms]
2024-09-22 20:04:53.092 [info] > git ls-files --stage -- /mnt/c/users/lenovo/onedrive/desktop/TERRAFORM/terraform-london-project/provider.tf [57ms]
2024-09-22 20:04:53.145 [info] > git status -z -uall [55ms]
2024-09-22 20:04:53.209 [info] > git cat-file -s bbfb5c42bebd65fafd526437ba5c3fbcba6472d4 [65ms]
2024-09-22 20:04:53.272 [info] > git merge-base refs/heads/master refs/remotes/origin/master [71ms]
2024-09-22 20:04:53.325 [info] > git show --textconv :provider.tf [57ms]
2024-09-22 20:04:53.345 [info] > git rev-list --count --left-right refs/heads/master...refs/remotes/origin/master [25ms]
2024-09-22 20:04:53.416 [info] > git diff --name-status -z --diff-filter=ADMR 7e7f0d4dc140fbdafa451e052f6cb9ee48593792...refs/remotes/origin/master [18ms]
2024-09-22 20:05:03.251 [info] > git config --get commit.template [49ms]
2024-09-22 20:05:03.301 [info] > git ls-files --stage -- /mnt/c/users/lenovo/onedrive/desktop/TERRAFORM/terraform-london-project/provider.tf [53ms]
2024-09-22 20:05:03.344 [info] > git for-each-ref --format=%(refname)%00%(upstream:short)%00%(objectname)%00%(upstream:track)%00%(upstream:remotename)%00%(upstream:remoteref) refs/heads/master refs/remotes/master [46ms]
2024-09-22 20:05:03.392 [info] > git cat-file -s bbfb5c42bebd65fafd526437ba5c3fbcba6472d4 [49ms]
2024-09-22 20:05:03.440 [info] > git status -z -uall [49ms]
2024-09-22 20:05:03.454 [info] > git show --textconv :provider.tf [16ms]
2024-09-22 20:07:22.480 [info] > git show --textconv :.gitignore [152ms]
2024-09-22 20:07:22.506 [info] > git ls-files --stage -- /mnt/c/users/lenovo/onedrive/desktop/TERRAFORM/terraform-london-project/.gitignore [41ms]
2024-09-22 20:07:22.620 [info] > git cat-file -s c6a4007cd8a4f0cee408ca282593e0dc1191379b [21ms]
2024-09-22 20:07:25.240 [info] > git show --textconv :.gitattributes [54ms]
2024-09-22 20:07:25.246 [info] > git ls-files --stage -- /mnt/c/users/lenovo/onedrive/desktop/TERRAFORM/terraform-london-project/.gitattributes [10ms]
2024-09-22 20:07:25.299 [info] > git cat-file -s 5135af0e45278ac7276caddc02b030f3297d87a5 [11ms]
2024-09-22 20:07:30.073 [info] > git show --textconv :.gitignore [77ms]
2024-09-22 20:07:30.085 [info] > git ls-files --stage -- /mnt/c/users/lenovo/onedrive/desktop/TERRAFORM/terraform-london-project/.gitignore [17ms]
2024-09-22 20:07:30.159 [info] > git cat-file -s c6a4007cd8a4f0cee408ca282593e0dc1191379b [16ms]
2024-09-22 20:07:34.913 [info] > git show --textconv :provider.tf [51ms]
2024-09-22 20:07:34.916 [info] > git ls-files --stage -- /mnt/c/users/lenovo/onedrive/desktop/TERRAFORM/terraform-london-project/provider.tf [12ms]
2024-09-22 20:07:34.967 [info] > git cat-file -s bbfb5c42bebd65fafd526437ba5c3fbcba6472d4 [10ms]
2024-09-22 20:07:36.938 [info] > git show --textconv :.terraform.lock.hcl [52ms]
2024-09-22 20:07:36.940 [info] > git ls-files --stage -- /mnt/c/users/lenovo/onedrive/desktop/TERRAFORM/terraform-london-project/.terraform.lock.hcl [10ms]
2024-09-22 20:07:36.994 [info] > git cat-file -s a15d2cd24228a71e4589a18ac64cd38847ddffc3 [11ms]
2024-09-22 20:07:41.298 [info] > git show --textconv :terraform.tfstate [47ms]
2024-09-22 20:07:41.365 [info] > git ls-files --stage -- /mnt/c/users/lenovo/onedrive/desktop/TERRAFORM/terraform-london-project/terraform.tfstate [71ms]
2024-09-22 20:07:41.532 [info] > git cat-file -s 3af9bfafb72795558732fa86d69e010b44bafec8 [115ms]
2024-09-22 20:07:41.899 [info] > git show --textconv :terraform.tfstate.backup [77ms]
2024-09-22 20:07:41.911 [info] > git ls-files --stage -- /mnt/c/users/lenovo/onedrive/desktop/TERRAFORM/terraform-london-project/terraform.tfstate.backup [18ms]
2024-09-22 20:07:41.972 [info] > git cat-file -s b6b23727dff00e4985c9a613763e3bea9bd968d4 [13ms]
2024-09-22 20:07:48.420 [info] > git show --textconv :vpc.tf [59ms]
2024-09-22 20:07:48.429 [info] > git ls-files --stage -- /mnt/c/users/lenovo/onedrive/desktop/TERRAFORM/terraform-london-project/vpc.tf [14ms]
2024-09-22 20:07:48.490 [info] > git cat-file -s 98a6d77448677d38ebc6d676f6732773cc88ef6c [13ms]
2024-09-22 20:07:55.890 [info] > git check-ignore -v -z --stdin [12ms]
2024-09-22 20:07:56.447 [info] > git config --get commit.template [47ms]
2024-09-22 20:07:56.462 [info] > git for-each-ref --format=%(refname)%00%(upstream:short)%00%(objectname)%00%(upstream:track)%00%(upstream:remotename)%00%(upstream:remoteref) refs/heads/master refs/remotes/master [18ms]
2024-09-22 20:07:56.556 [info] > git status -z -uall [48ms]
2024-09-22 20:07:57.332 [info] > git check-ignore -v -z --stdin [18ms]
2024-09-22 20:08:00.330 [info] > git check-ignore -v -z --stdin [10ms]
2024-09-22 20:08:01.658 [info] > git config --get commit.template [50ms]
2024-09-22 20:08:01.679 [info] > git for-each-ref --format=%(refname)%00%(upstream:short)%00%(objectname)%00%(upstream:track)%00%(upstream:remotename)%00%(upstream:remoteref) refs/heads/master refs/remotes/master [25ms]
2024-09-22 20:08:01.760 [info] > git status -z -uall [27ms]
2024-09-22 20:08:06.970 [info] > git show --textconv :provider.tf [125ms]
2024-09-22 20:08:06.979 [info] > git ls-files --stage -- /mnt/c/users/lenovo/onedrive/desktop/TERRAFORM/terraform-london-project/provider.tf [13ms]
2024-09-22 20:08:07.037 [info] > git cat-file -s bbfb5c42bebd65fafd526437ba5c3fbcba6472d4 [13ms]
2024-09-22 20:10:42.874 [info] > git config --get commit.template [68ms]
2024-09-22 20:10:42.982 [info] > git for-each-ref --format=%(refname)%00%(upstream:short)%00%(objectname)%00%(upstream:track)%00%(upstream:remotename)%00%(upstream:remoteref) refs/heads/master refs/remotes/master [111ms]
2024-09-22 20:10:43.045 [info] > git ls-files --stage -- /mnt/c/users/lenovo/onedrive/desktop/TERRAFORM/terraform-london-project/provider.tf [65ms]
2024-09-22 20:10:43.099 [info] > git status -z -uall [58ms]
2024-09-22 20:10:43.112 [info] > git cat-file -s bbfb5c42bebd65fafd526437ba5c3fbcba6472d4 [15ms]
2024-09-22 20:10:43.180 [info] > git show --textconv :provider.tf [19ms]
2024-09-22 21:08:49.352 [info] > git config --get commit.template [192ms]
2024-09-22 21:08:49.378 [info] > git for-each-ref --format=%(refname)%00%(upstream:short)%00%(objectname)%00%(upstream:track)%00%(upstream:remotename)%00%(upstream:remoteref) refs/heads/master refs/remotes/master [33ms]
2024-09-22 21:08:49.436 [info] > git status -z -uall [22ms]
2024-09-22 21:08:50.683 [info] > git ls-files --stage -- /mnt/c/users/lenovo/onedrive/desktop/TERRAFORM/terraform-london-project/provider.tf [12ms]
2024-09-22 21:08:50.739 [info] > git cat-file -s bbfb5c42bebd65fafd526437ba5c3fbcba6472d4 [11ms]
2024-09-22 21:08:50.791 [info] > git show --textconv :provider.tf [13ms]
2024-09-22 21:08:54.513 [info] > git config --get commit.template [35ms]
2024-09-22 21:08:54.524 [info] > git for-each-ref --format=%(refname)%00%(upstream:short)%00%(objectname)%00%(upstream:track)%00%(upstream:remotename)%00%(upstream:remoteref) refs/heads/master refs/remotes/master [13ms]
2024-09-22 21:08:54.566 [info] > git status -z -uall [12ms]
2024-09-22 21:09:46.618 [info] > git config --get commit.template [37ms]
2024-09-22 21:09:46.655 [info] > git ls-files --stage -- /mnt/c/users/lenovo/onedrive/desktop/TERRAFORM/terraform-london-project/provider.tf [43ms]
2024-09-22 21:09:46.685 [info] > git for-each-ref --format=%(refname)%00%(upstream:short)%00%(objectname)%00%(upstream:track)%00%(upstream:remotename)%00%(upstream:remoteref) refs/heads/master refs/remotes/master [32ms]
2024-09-22 21:09:46.715 [info] > git cat-file -s bbfb5c42bebd65fafd526437ba5c3fbcba6472d4 [32ms]
2024-09-22 21:09:46.752 [info] > git status -z -uall [38ms]
2024-09-22 21:09:46.762 [info] > git show --textconv :provider.tf [12ms]
