2024-09-21 23:49:26.527 [info] Log level: Info
2024-09-21 23:49:26.527 [info] Validating found git in: "git"
2024-09-21 23:49:26.527 [info] Using git "2.34.1" from "git"
2024-09-21 23:49:26.539 [info] > git rev-parse --show-toplevel [265ms]
2024-09-21 23:49:26.621 [info] > git rev-parse --git-dir --git-common-dir [13ms]
2024-09-21 23:49:26.674 [info] Open repository: /home/mezikko
2024-09-21 23:49:26.869 [info] > git config --get commit.template [105ms]
2024-09-21 23:49:26.872 [info] > git rev-parse --show-toplevel [40ms]
2024-09-21 23:49:27.011 [info] > git for-each-ref --format=%(refname)%00%(upstream:short)%00%(objectname)%00%(upstream:track)%00%(upstream:remotename)%00%(upstream:remoteref) refs/heads/master refs/remotes/master [55ms]
2024-09-21 23:49:27.057 [info] > git rev-parse --show-toplevel [50ms]
2024-09-21 23:49:27.194 [info] > git rev-parse --show-toplevel [17ms]
2024-09-21 23:49:27.321 [info] > git rev-parse --show-toplevel [67ms]
2024-09-21 23:49:27.532 [info] > git rev-parse --show-toplevel [115ms]
2024-09-21 23:49:27.603 [info] > git check-ignore -v -z --stdin [90ms]
2024-09-21 23:49:27.609 [info] > git rev-parse --show-toplevel [13ms]
2024-09-21 23:49:27.695 [info] > git rev-parse --show-toplevel [48ms]
2024-09-21 23:49:27.751 [info] > git rev-parse --show-toplevel [8ms]
2024-09-21 23:49:27.836 [info] > git show --textconv :apple.sh [39ms]
2024-09-21 23:49:27.842 [info] > git ls-files --stage -- /home/mezikko/apple.sh [11ms]
2024-09-21 23:49:27.884 [info] > git cat-file -s f28281d8b96b3b05edb978f6cf4f4336fd98ea1e [9ms]
2024-09-21 23:49:27.944 [info] > git status -z -uall [890ms]
2024-09-21 23:49:29.029 [info] > git merge-base refs/heads/master refs/remotes/origin/master [1030ms]
2024-09-21 23:49:29.077 [info] > git config --get commit.template [63ms]
2024-09-21 23:49:29.245 [info] > git rev-list --count --left-right refs/heads/master...refs/remotes/origin/master [174ms]
2024-09-21 23:49:29.286 [info] > git for-each-ref --format=%(refname)%00%(upstream:short)%00%(objectname)%00%(upstream:track)%00%(upstream:remotename)%00%(upstream:remoteref) refs/heads/master refs/remotes/master [158ms]
2024-09-21 23:49:29.288 [info] > git diff --name-status -z --diff-filter=ADMR 0ee2e4a3d4955a744a76c42bdebf783b3fc735bb...refs/remotes/origin/master [9ms]
2024-09-21 23:49:29.818 [info] > git status -z -uall [492ms]
2024-09-21 23:49:33.020 [info] > git config --get commit.template [43ms]
2024-09-21 23:49:33.025 [info] > git for-each-ref --format=%(refname)%00%(upstream:short)%00%(objectname)%00%(upstream:track)%00%(upstream:remotename)%00%(upstream:remoteref) refs/heads/master refs/remotes/master [8ms]
2024-09-21 23:49:33.427 [info] > git status -z -uall [367ms]
2024-09-21 23:49:37.958 [info] > git check-ignore -v -z --stdin [11ms]
2024-09-21 23:49:38.649 [info] > git config --get commit.template [48ms]
2024-09-21 23:49:38.654 [info] > git for-each-ref --format=%(refname)%00%(upstream:short)%00%(objectname)%00%(upstream:track)%00%(upstream:remotename)%00%(upstream:remoteref) refs/heads/master refs/remotes/master [6ms]
2024-09-21 23:49:39.031 [info] > git status -z -uall [338ms]
2024-09-21 23:49:44.280 [info] > git config --get commit.template [47ms]
2024-09-21 23:49:44.286 [info] > git for-each-ref --format=%(refname)%00%(upstream:short)%00%(objectname)%00%(upstream:track)%00%(upstream:remotename)%00%(upstream:remoteref) refs/heads/master refs/remotes/master [8ms]
2024-09-21 23:49:44.680 [info] > git status -z -uall [349ms]
2024-09-21 23:49:49.931 [info] > git config --get commit.template [53ms]
2024-09-21 23:49:49.937 [info] > git for-each-ref --format=%(refname)%00%(upstream:short)%00%(objectname)%00%(upstream:track)%00%(upstream:remotename)%00%(upstream:remoteref) refs/heads/master refs/remotes/master [8ms]
2024-09-21 23:49:50.335 [info] > git status -z -uall [348ms]
2024-09-21 23:49:55.586 [info] > git config --get commit.template [59ms]
2024-09-21 23:49:55.642 [info] > git for-each-ref --format=%(refname)%00%(upstream:short)%00%(objectname)%00%(upstream:track)%00%(upstream:remotename)%00%(upstream:remoteref) refs/heads/master refs/remotes/master [56ms]
2024-09-21 23:49:56.042 [info] > git status -z -uall [343ms]
2024-09-21 23:50:01.298 [info] > git config --get commit.template [52ms]
2024-09-21 23:50:01.302 [info] > git for-each-ref --format=%(refname)%00%(upstream:short)%00%(objectname)%00%(upstream:track)%00%(upstream:remotename)%00%(upstream:remoteref) refs/heads/master refs/remotes/master [9ms]
2024-09-21 23:50:01.777 [info] > git status -z -uall [388ms]
2024-09-21 23:50:07.013 [info] > git config --get commit.template [45ms]
2024-09-21 23:50:07.018 [info] > git for-each-ref --format=%(refname)%00%(upstream:short)%00%(objectname)%00%(upstream:track)%00%(upstream:remotename)%00%(upstream:remoteref) refs/heads/master refs/remotes/master [7ms]
2024-09-21 23:50:07.403 [info] > git status -z -uall [340ms]
2024-09-21 23:50:12.642 [info] > git config --get commit.template [48ms]
2024-09-21 23:50:12.647 [info] > git for-each-ref --format=%(refname)%00%(upstream:short)%00%(objectname)%00%(upstream:track)%00%(upstream:remotename)%00%(upstream:remoteref) refs/heads/master refs/remotes/master [7ms]
2024-09-21 23:50:13.054 [info] > git status -z -uall [362ms]
2024-09-21 23:50:18.418 [info] > git config --get commit.template [49ms]
2024-09-21 23:50:18.469 [info] > git for-each-ref --format=%(refname)%00%(upstream:short)%00%(objectname)%00%(upstream:track)%00%(upstream:remotename)%00%(upstream:remoteref) refs/heads/master refs/remotes/master [52ms]
2024-09-21 23:50:18.864 [info] > git status -z -uall [345ms]
2024-09-21 23:50:24.169 [info] > git config --get commit.template [55ms]
2024-09-21 23:50:24.175 [info] > git for-each-ref --format=%(refname)%00%(upstream:short)%00%(objectname)%00%(upstream:track)%00%(upstream:remotename)%00%(upstream:remoteref) refs/heads/master refs/remotes/master [8ms]
2024-09-21 23:50:24.585 [info] > git status -z -uall [365ms]
2024-09-21 23:50:29.823 [info] > git config --get commit.template [49ms]
2024-09-21 23:50:29.831 [info] > git for-each-ref --format=%(refname)%00%(upstream:short)%00%(objectname)%00%(upstream:track)%00%(upstream:remotename)%00%(upstream:remoteref) refs/heads/master refs/remotes/master [10ms]
2024-09-21 23:50:30.240 [info] > git status -z -uall [362ms]
2024-09-21 23:50:35.477 [info] > git config --get commit.template [46ms]
2024-09-21 23:50:35.482 [info] > git for-each-ref --format=%(refname)%00%(upstream:short)%00%(objectname)%00%(upstream:track)%00%(upstream:remotename)%00%(upstream:remoteref) refs/heads/master refs/remotes/master [7ms]
2024-09-21 23:50:35.860 [info] > git status -z -uall [333ms]
2024-09-21 23:50:41.067 [info] > git config --get commit.template [40ms]
2024-09-21 23:50:41.072 [info] > git for-each-ref --format=%(refname)%00%(upstream:short)%00%(objectname)%00%(upstream:track)%00%(upstream:remotename)%00%(upstream:remoteref) refs/heads/master refs/remotes/master [8ms]
2024-09-21 23:50:41.456 [info] > git status -z -uall [339ms]
2024-09-21 23:50:46.700 [info] > git config --get commit.template [47ms]
2024-09-21 23:50:46.705 [info] > git for-each-ref --format=%(refname)%00%(upstream:short)%00%(objectname)%00%(upstream:track)%00%(upstream:remotename)%00%(upstream:remoteref) refs/heads/master refs/remotes/master [6ms]
2024-09-21 23:50:47.086 [info] > git status -z -uall [339ms]
2024-09-21 23:50:52.310 [info] > git config --get commit.template [43ms]
2024-09-21 23:50:52.316 [info] > git for-each-ref --format=%(refname)%00%(upstream:short)%00%(objectname)%00%(upstream:track)%00%(upstream:remotename)%00%(upstream:remoteref) refs/heads/master refs/remotes/master [8ms]
2024-09-21 23:50:52.687 [info] > git status -z -uall [330ms]
2024-09-21 23:50:57.905 [info] > git config --get commit.template [44ms]
2024-09-21 23:50:57.910 [info] > git for-each-ref --format=%(refname)%00%(upstream:short)%00%(objectname)%00%(upstream:track)%00%(upstream:remotename)%00%(upstream:remoteref) refs/heads/master refs/remotes/master [7ms]
2024-09-21 23:50:58.295 [info] > git status -z -uall [346ms]
2024-09-21 23:51:03.525 [info] > git config --get commit.template [46ms]
2024-09-21 23:51:03.532 [info] > git for-each-ref --format=%(refname)%00%(upstream:short)%00%(objectname)%00%(upstream:track)%00%(upstream:remotename)%00%(upstream:remoteref) refs/heads/master refs/remotes/master [9ms]
2024-09-21 23:51:03.920 [info] > git status -z -uall [344ms]
2024-09-21 23:51:09.196 [info] > git config --get commit.template [43ms]
2024-09-21 23:51:09.200 [info] > git for-each-ref --format=%(refname)%00%(upstream:short)%00%(objectname)%00%(upstream:track)%00%(upstream:remotename)%00%(upstream:remoteref) refs/heads/master refs/remotes/master [7ms]
2024-09-21 23:51:09.585 [info] > git status -z -uall [338ms]
2024-09-21 23:51:14.823 [info] > git config --get commit.template [47ms]
2024-09-21 23:51:14.828 [info] > git for-each-ref --format=%(refname)%00%(upstream:short)%00%(objectname)%00%(upstream:track)%00%(upstream:remotename)%00%(upstream:remoteref) refs/heads/master refs/remotes/master [7ms]
2024-09-21 23:51:15.207 [info] > git status -z -uall [335ms]
2024-09-21 23:51:20.417 [info] > git config --get commit.template [41ms]
2024-09-21 23:51:20.422 [info] > git for-each-ref --format=%(refname)%00%(upstream:short)%00%(objectname)%00%(upstream:track)%00%(upstream:remotename)%00%(upstream:remoteref) refs/heads/master refs/remotes/master [7ms]
2024-09-21 23:51:20.805 [info] > git status -z -uall [340ms]
2024-09-21 23:51:26.030 [info] > git config --get commit.template [48ms]
2024-09-21 23:51:26.036 [info] > git for-each-ref --format=%(refname)%00%(upstream:short)%00%(objectname)%00%(upstream:track)%00%(upstream:remotename)%00%(upstream:remoteref) refs/heads/master refs/remotes/master [8ms]
2024-09-21 23:51:26.431 [info] > git status -z -uall [356ms]
2024-09-21 23:51:31.680 [info] > git config --get commit.template [52ms]
2024-09-21 23:51:31.693 [info] > git for-each-ref --format=%(refname)%00%(upstream:short)%00%(objectname)%00%(upstream:track)%00%(upstream:remotename)%00%(upstream:remoteref) refs/heads/master refs/remotes/master [17ms]
2024-09-21 23:51:32.088 [info] > git status -z -uall [340ms]
2024-09-21 23:51:37.329 [info] > git config --get commit.template [58ms]
2024-09-21 23:51:37.334 [info] > git for-each-ref --format=%(refname)%00%(upstream:short)%00%(objectname)%00%(upstream:track)%00%(upstream:remotename)%00%(upstream:remoteref) refs/heads/master refs/remotes/master [10ms]
2024-09-21 23:51:37.741 [info] > git status -z -uall [360ms]
